#
# A fatal error has been detected by the Java Runtime Environment:
#
#  EXCEPTION_ACCESS_VIOLATION (0xc0000005) at pc=0x00007fff05a88826, pid=1604, tid=3812
#
# JRE version: OpenJDK Runtime Environment (11.0.8+10) (build 11.0.8+10-b944.6842174)
# Java VM: OpenJDK 64-Bit Server VM (11.0.8+10-b944.6842174, mixed mode, tiered, compressed oops, g1 gc, windows-amd64)
# Problematic frame:
# V  [jvm.dll+0x188826]
#
# No core dump will be written. Minidumps are not enabled by default on client versions of Windows
#
# If you would like to submit a bug report, please visit:
#   https://bugreport.java.com/bugreport/crash.jsp
#

---------------  S U M M A R Y ------------

Command Line: --add-opens=java.base/java.util=ALL-UNNAMED --add-opens=java.base/java.lang=ALL-UNNAMED --add-opens=java.base/java.lang.invoke=ALL-UNNAMED --add-opens=java.prefs/java.util.prefs=ALL-UNNAMED -Xmx2048m -Dfile.encoding=UTF-8 -Duser.country=TW -Duser.language=zh -Duser.variant org.gradle.launcher.daemon.bootstrap.GradleDaemon 6.5

Host: Intel(R) Core(TM) i7-2600 CPU @ 3.40GHz, 8 cores, 7G,  Windows 10 , 64 bit Build 19041 (10.0.19041.1202)
Time: Sat Oct 16 14:40:33 2021 台北標準時間 elapsed time: 2688 seconds (0d 0h 44m 48s)

---------------  T H R E A D  ---------------

Current thread (0x0000027562565000):  ConcurrentGCThread "G1 Conc#0" [stack: 0x0000007e9c300000,0x0000007e9c400000] [id=3812]

Stack: [0x0000007e9c300000,0x0000007e9c400000],  sp=0x0000007e9c3ff7b8,  free space=1021k
Native frames: (J=compiled Java code, j=interpreted, Vv=VM code, C=native code)
V  [jvm.dll+0x188826]


siginfo: EXCEPTION_ACCESS_VIOLATION (0xc0000005), reading address 0x00000000934a39e8


Register to memory mapping:

RIP=0x00007fff05a88826 jvm.dll
RAX=0x0000000000000001 is an unknown value
RBX=0x0000000080c457e8 is pointing into object: [B 
{0x0000000080c43d30} - klass: {type array byte}
 - length: 12773
RCX=0x0000000080c457e8 is pointing into object: [B 
{0x0000000080c43d30} - klass: {type array byte}
 - length: 12773
RDX=0x0000000080c457e8 is pointing into object: [B 
{0x0000000080c43d30} - klass: {type array byte}
 - length: 12773
RSP=0x0000007e9c3ff7b8 points into unknown readable memory: ba 79 bd 05 ff 7f 00 00
RBP=0x0000027562559fd0 points into unknown readable memory: 00 30 56 62 75 02 00 00
RSI=0x0000000000000001 is an unknown value
RDI=0x0 is NULL
R8 =0x0 is NULL
R9 =
[error occurred during error reporting (printing register info), id 0xc0000005, EXCEPTION_ACCESS_VIOLATION (0xc0000005) at pc=0x00007fff05bd7297]

Registers:
RAX=0x0000000000000001, RBX=0x0000000080c457e8, RCX=0x0000000080c457e8, RDX=0x0000000080c457e8
RSP=0x0000007e9c3ff7b8, RBP=0x0000027562559fd0, RSI=0x0000000000000001, RDI=0x0000000000000000
R8 =0x0000000000000000, R9 =0x00000000934a39e0, R10=0x0000027562559fd0, R11=0x0000027577ce0000
R12=0x000000000000000c, R13=0xaaaaaaaaaaaaaaab, R14=0x0000000000000000, R15=0x0000007e9c3ff990
RIP=0x00007fff05a88826, EFLAGS=0x0000000000010202

Top of Stack: (sp=0x0000007e9c3ff7b8)
0x0000007e9c3ff7b8:   00007fff05bd79ba 0000000080c457e8
0x0000007e9c3ff7c8:   0000007e9c3ff9b8 0000000100044ee0
0x0000007e9c3ff7d8:   00007fff05bd7866 0000027562565a01
0x0000007e9c3ff7e8:   00007fff05bd7866 0000007e9c3ff9b8
0x0000007e9c3ff7f8:   0000000080c457e8 000002756256e0b0
0x0000007e9c3ff808:   0000007e9c3ff9b8 0000000000000000
0x0000007e9c3ff818:   00007fff05bcf76d 0000000080c21478
0x0000007e9c3ff828:   00007fff05bd0bad 0000000080c20468
0x0000007e9c3ff838:   0000000080c20d8c 0000007e9c3ff990
0x0000007e9c3ff848:   0000027562565a01 0000000100023820
0x0000007e9c3ff858:   00007fff05bcf021 0000000000000202
0x0000007e9c3ff868:   0000000080c20468 0000000080c20458
0x0000007e9c3ff878:   0000007e9c3ff990 0000000080c20468
0x0000007e9c3ff888:   00007fff05bdd3ff 000002756256e0b0
0x0000007e9c3ff898:   00000000001a0000 0000007e9c3ff990
0x0000007e9c3ff8a8:   0000000000000000 0000000080c20468 

Instructions: (pc=0x00007fff05a88826)
0x00007fff05a88726:   81 00 48 d3 e0 48 03 05 5e 43 81 00 eb 04 48 8b
0x00007fff05a88736:   43 08 81 78 08 00 00 00 c0 73 7d 48 8b 4f 38 48
0x00007fff05a88746:   8b d3 48 8b 01 ff 50 20 84 c0 75 6c 38 05 97 cb
0x00007fff05a88756:   85 00 74 15 8b 53 08 8b 0d 35 43 81 00 48 d3 e2
0x00007fff05a88766:   48 03 15 23 43 81 00 eb 04 48 8b 53 08 48 8b cb
0x00007fff05a88776:   48 89 5c 24 20 e8 a0 00 00 00 80 7f 30 00 48 63
0x00007fff05a88786:   c8 48 89 4c 24 28 0f 28 44 24 20 74 17 0f 11 86
0x00007fff05a88796:   90 03 00 00 48 8b 5c 24 40 48 8b 74 24 48 48 83
0x00007fff05a887a6:   c4 30 5f c3 48 8b 07 48 8d 54 24 20 48 8b cf 66
0x00007fff05a887b6:   0f 7f 44 24 20 ff 50 38 48 8b 5c 24 40 48 8b 74
0x00007fff05a887c6:   24 48 48 83 c4 30 5f c3 cc cc 48 8b 49 38 48 8b
0x00007fff05a887d6:   01 48 ff 60 28 cc cc cc cc cc 80 3d 08 cb 85 00
0x00007fff05a887e6:   00 48 8b c1 74 1b 8b 51 08 8b 0d a3 42 81 00 48
0x00007fff05a887f6:   d3 e2 48 8b c8 48 03 15 8e 42 81 00 e9 19 00 00
0x00007fff05a88806:   00 48 8b 51 08 48 8b c8 e9 0d 00 00 00 cc cc cc
0x00007fff05a88816:   cc cc cc cc cc cc cc cc cc cc 4c 8b ca 48 8b d1
0x00007fff05a88826:   45 8b 41 08 45 85 c0 7e 0e 41 f6 c0 01 75 59 41
0x00007fff05a88836:   c1 f8 03 41 8b c0 c3 79 4f 80 3d a9 ca 85 00 00
0x00007fff05a88846:   b8 0c 00 00 00 b9 10 00 00 00 0f 45 c8 8b 05 4b
0x00007fff05a88856:   8e 7f 00 ff c8 4c 63 c8 48 63 c1 41 8b c8 83 e1
0x00007fff05a88866:   3f 48 63 14 10 41 8b c0 48 c1 f8 10 0f b6 c0 48
0x00007fff05a88876:   d3 e2 49 8d 0c 11 49 f7 d1 48 03 c1 49 c1 e9 03
0x00007fff05a88886:   48 c1 e8 03 41 23 c1 c3 49 8b 01 49 8b c9 48 ff
0x00007fff05a88896:   a0 10 01 00 00 cc cc cc cc cc 48 83 ec 38 0f 10
0x00007fff05a888a6:   02 48 8b 49 38 48 8d 54 24 20 0f 29 44 24 20 e8
0x00007fff05a888b6:   66 f0 ff ff 48 83 c4 38 c3 cc 48 83 ec 38 0f 10
0x00007fff05a888c6:   02 48 8b 01 48 8d 54 24 20 0f 29 44 24 20 ff 50
0x00007fff05a888d6:   38 48 83 c4 38 c3 cc cc cc cc 48 89 5c 24 08 55
0x00007fff05a888e6:   56 57 41 54 41 55 41 56 41 57 48 8d 6c 24 e0 48
0x00007fff05a888f6:   81 ec 20 01 00 00 48 8b 05 ad c4 82 00 48 33 c4
0x00007fff05a88906:   48 89 45 10 48 8b 05 0f 35 85 00 45 33 ed 4c 8b
0x00007fff05a88916:   b5 80 00 00 00 4c 8b fa 48 8b bd 88 00 00 00 4d 


Stack slot to memory mapping:
stack at sp + 0 slots: 0x00007fff05bd79ba jvm.dll
stack at sp + 1 slots: 0x0000000080c457e8 is pointing into object: [B 
{0x0000000080c43d30} - klass: {type array byte}
 - length: 12773
stack at sp + 2 slots: 0x0000007e9c3ff9b8 points into unknown readable memory: 60 e1 10 06 ff 7f 00 00
stack at sp + 3 slots: 0x0000000100044ee0 is a pointer to class: 
java.util.HashMap$HashIterator {0x0000000100044ee8}
stack at sp + 4 slots: 0x00007fff05bd7866 jvm.dll
stack at sp + 5 slots: 0x0000027562565a01 points into unknown readable memory: 00 00 00 00 00 00 00
stack at sp + 6 slots: 0x00007fff05bd7866 jvm.dll
stack at sp + 7 slots: 0x0000007e9c3ff9b8 points into unknown readable memory: 60 e1 10 06 ff 7f 00 00


---------------  P R O C E S S  ---------------

Threads class SMR info:
_java_thread_list=0x0000027503872f40, length=144, elements={
0x000002756251a800, 0x000002757e7bf000, 0x000002757e7ca800, 0x000002757e7eb000,
0x000002757e7ed000, 0x000002757e7ee000, 0x000002757f0c1000, 0x000002757f0ca000,
0x000002757f221000, 0x000002757f23e800, 0x000002750065b000, 0x00000275005ea800,
0x0000027500cc9800, 0x0000027500291000, 0x0000027500295000, 0x000002750028f800,
0x0000027500294800, 0x000002757f704800, 0x0000027501c61000, 0x0000027507e77000,
0x0000027507b52800, 0x0000027506715800, 0x0000027506716800, 0x0000027506717000,
0x0000027506718000, 0x0000027506719000, 0x0000027506719800, 0x0000027506714000,
0x000002750671a800, 0x0000027506721000, 0x000002750671e800, 0x000002750671f800,
0x000002750671b800, 0x0000027506720000, 0x0000027506722000, 0x000002750671c000,
0x0000027506722800, 0x000002750671d000, 0x000002750671e000, 0x0000027501c5e000,
0x0000027501c59000, 0x0000027501c5a000, 0x0000027501c5a800, 0x0000027501c58000,
0x0000027501c5e800, 0x0000027501c5c000, 0x0000027501c5f800, 0x0000027501c5b800,
0x0000027501c62000, 0x0000027501c62800, 0x0000027501c5d000, 0x0000027501c63800,
0x0000027501c64800, 0x0000027501c65000, 0x0000027501c66000, 0x0000027501c67000,
0x000002750aef9800, 0x000002750aef9000, 0x000002750aef7000, 0x000002750aef8000,
0x000002750aefa800, 0x000002750aef5800, 0x000002750aef6800, 0x000002750aef4800,
0x000002750af00000, 0x000002750af01000, 0x000002750af02800, 0x000002750af02000,
0x000002750aefd000, 0x000002750aefd800, 0x000002750aefe800, 0x000002750aeff800,
0x0000027507e78000, 0x0000027507e7c000, 0x0000027507e7b000, 0x0000027507e78800,
0x0000027507e79800, 0x0000027507e76000, 0x0000027507e7c800, 0x0000027507e7d800,
0x0000027507e80000, 0x0000027507e7a000, 0x0000027507e84000, 0x0000027507e7e800,
0x0000027507e83000, 0x0000027507e85000, 0x0000027507e81000, 0x0000027507e81800,
0x0000027507b47800, 0x0000027507b4f000, 0x0000027507b4c000, 0x0000027507b4e000,
0x0000027507b4d800, 0x0000027507b49800, 0x0000027507b50000, 0x0000027507b4c800,
0x0000027507b4a000, 0x0000027507b4b000, 0x0000027507b53000, 0x0000027507b51800,
0x0000027507b56800, 0x0000027507b54000, 0x0000027507b54800, 0x0000027507b55800,
0x000002757f702000, 0x000002757f709000, 0x000002757f703000, 0x000002757f70e800,
0x000002757f70d800, 0x000002757f709800, 0x000002757f70f800, 0x000002757f710000,
0x000002757f711000, 0x000002757f70b000, 0x000002757f70c000, 0x000002757f70d000,
0x0000027500292000, 0x0000027500293800, 0x0000027500292800, 0x0000027500290800,
0x0000027500296000, 0x00000275064cc000, 0x00000275064cd800, 0x00000275064cd000,
0x00000275064d1000, 0x00000275064cb000, 0x00000275064d3800, 0x00000275064cf000,
0x00000275064d0000, 0x00000275064d1800, 0x00000275064d2800, 0x00000275064d4000,
0x00000275064ce800, 0x00000275064da000, 0x00000275064d6000, 0x00000275064d7800,
0x00000275064d8000, 0x00000275064d5000, 0x00000275064d6800, 0x00000275064d9000,
0x0000027503d7d000, 0x0000027503d7e000, 0x0000027503d78000, 0x0000027503d7e800
}

Java Threads: ( => current thread )
  0x000002756251a800 JavaThread "main" [_thread_blocked, id=6548, stack(0x0000007e9c000000,0x0000007e9c100000)]
  0x000002757e7bf000 JavaThread "Reference Handler" daemon [_thread_blocked, id=7236, stack(0x0000007e9c700000,0x0000007e9c800000)]
  0x000002757e7ca800 JavaThread "Finalizer" daemon [_thread_blocked, id=10628, stack(0x0000007e9c800000,0x0000007e9c900000)]
  0x000002757e7eb000 JavaThread "Signal Dispatcher" daemon [_thread_blocked, id=4544, stack(0x0000007e9c900000,0x0000007e9ca00000)]
  0x000002757e7ed000 JavaThread "Attach Listener" daemon [_thread_blocked, id=5632, stack(0x0000007e9ca00000,0x0000007e9cb00000)]
  0x000002757e7ee000 JavaThread "C2 CompilerThread0" daemon [_thread_blocked, id=6952, stack(0x0000007e9cb00000,0x0000007e9cc00000)]
  0x000002757f0c1000 JavaThread "C1 CompilerThread0" daemon [_thread_blocked, id=1196, stack(0x0000007e9cc00000,0x0000007e9cd00000)]
  0x000002757f0ca000 JavaThread "Sweeper thread" daemon [_thread_blocked, id=3656, stack(0x0000007e9cd00000,0x0000007e9ce00000)]
  0x000002757f221000 JavaThread "Common-Cleaner" daemon [_thread_blocked, id=608, stack(0x0000007e9ce00000,0x0000007e9cf00000)]
  0x000002757f23e800 JavaThread "Service Thread" daemon [_thread_blocked, id=8084, stack(0x0000007e9cf00000,0x0000007e9d000000)]
  0x000002750065b000 JavaThread "Daemon health stats" [_thread_blocked, id=5756, stack(0x0000007e9d300000,0x0000007e9d400000)]
  0x00000275005ea800 JavaThread "Incoming local TCP Connector on port 63102" [_thread_in_native, id=8172, stack(0x0000007e9d500000,0x0000007e9d600000)]
  0x0000027500cc9800 JavaThread "Daemon periodic checks" [_thread_blocked, id=11468, stack(0x0000007e9d600000,0x0000007e9d700000)]
  0x0000027500291000 JavaThread "Cache worker for journal cache (C:\Users\User\.gradle\caches\journal-1)" [_thread_blocked, id=628, stack(0x0000007e9e400000,0x0000007e9e500000)]
  0x0000027500295000 JavaThread "File lock request listener" [_thread_in_native, id=10952, stack(0x0000007e9e500000,0x0000007e9e600000)]
  0x000002750028f800 JavaThread "Cache worker for file hash cache (C:\Users\User\.gradle\caches\6.5\fileHashes)" [_thread_blocked, id=6932, stack(0x0000007e9e600000,0x0000007e9e700000)]
  0x0000027500294800 JavaThread "Cache worker for execution history cache (C:\Users\User\.gradle\caches\6.5\executionHistory)" [_thread_blocked, id=4788, stack(0x0000007e9ec00000,0x0000007e9ed00000)]
  0x000002757f704800 JavaThread "Cache worker for file content cache (C:\Users\User\.gradle\caches\6.5\fileContent)" [_thread_blocked, id=6840, stack(0x0000007e9ee00000,0x0000007e9ef00000)]
  0x0000027501c61000 JavaThread "Memory manager" [_thread_blocked, id=8304, stack(0x0000007ea5600000,0x0000007ea5700000)]
  0x0000027507e77000 JavaThread "Cache worker for Java compile cache (C:\Users\User\.gradle\caches\6.5\javaCompile)" [_thread_blocked, id=4676, stack(0x0000007ea6100000,0x0000007ea6200000)]
  0x0000027507b52800 JavaThread "ForkJoinPool.commonPool-worker-3" daemon [_thread_blocked, id=5036, stack(0x0000007ea6600000,0x0000007ea6700000)]
  0x0000027506715800 JavaThread "Daemon Thread 9" [_thread_blocked, id=7028, stack(0x0000007e9bd00000,0x0000007e9be00000)]
  0x0000027506716800 JavaThread "Handler for socket connection from /127.0.0.1:63102 to /127.0.0.1:56360" [_thread_in_native, id=9656, stack(0x0000007e9be00000,0x0000007e9bf00000)]
  0x0000027506717000 JavaThread "Cancel handler" [_thread_blocked, id=7948, stack(0x0000007e9bf00000,0x0000007e9c000000)]
  0x0000027506718000 JavaThread "Daemon worker Thread 9" [_thread_blocked, id=1436, stack(0x0000007e9d100000,0x0000007e9d200000)]
  0x0000027506719000 JavaThread "Asynchronous log dispatcher for DefaultDaemonConnection: socket connection from /127.0.0.1:63102 to /127.0.0.1:56360" [_thread_blocked, id=6856, stack(0x0000007e9d400000,0x0000007e9d500000)]
  0x0000027506719800 JavaThread "Stdin handler" [_thread_blocked, id=12264, stack(0x0000007e9d700000,0x0000007e9d800000)]
  0x0000027506714000 JavaThread "Thread-1296" [_thread_blocked, id=1004, stack(0x0000007e9d800000,0x0000007e9d900000)]
  0x000002750671a800 JavaThread "Cache worker for file hash cache (D:\OKare\.gradle\6.5\fileHashes)" [_thread_blocked, id=6924, stack(0x0000007e9d900000,0x0000007e9da00000)]
  0x0000027506721000 JavaThread "Cache worker for checksums cache (D:\OKare\.gradle\checksums)" [_thread_blocked, id=8788, stack(0x0000007e9da00000,0x0000007e9db00000)]
  0x000002750671e800 JavaThread "Cache worker for cache directory md-supplier (C:\Users\User\.gradle\caches\6.5\md-supplier)" [_thread_blocked, id=8140, stack(0x0000007e9db00000,0x0000007e9dc00000)]
  0x000002750671f800 JavaThread "Cache worker for cache directory md-rule (C:\Users\User\.gradle\caches\6.5\md-rule)" [_thread_blocked, id=3600, stack(0x0000007e9dc00000,0x0000007e9dd00000)]
  0x000002750671b800 JavaThread "Build operations" [_thread_blocked, id=5076, stack(0x0000007e9dd00000,0x0000007e9de00000)]
  0x0000027506720000 JavaThread "Build operations Thread 2" [_thread_blocked, id=840, stack(0x0000007e9e800000,0x0000007e9e900000)]
  0x0000027506722000 JavaThread "Build operations Thread 3" [_thread_blocked, id=7904, stack(0x0000007e9e900000,0x0000007e9ea00000)]
  0x000002750671c000 JavaThread "Build operations Thread 4" [_thread_blocked, id=6608, stack(0x0000007e9ea00000,0x0000007e9eb00000)]
  0x0000027506722800 JavaThread "Build operations Thread 5" [_thread_blocked, id=11320, stack(0x0000007e9eb00000,0x0000007e9ec00000)]
  0x000002750671d000 JavaThread "Build operations Thread 6" [_thread_blocked, id=6648, stack(0x0000007e9ed00000,0x0000007e9ee00000)]
  0x000002750671e000 JavaThread "Build operations Thread 7" [_thread_blocked, id=5108, stack(0x0000007e9ef00000,0x0000007e9f000000)]
  0x0000027501c5e000 JavaThread "Build operations Thread 8" [_thread_blocked, id=4596, stack(0x0000007e9f000000,0x0000007e9f100000)]
  0x0000027501c59000 JavaThread "jar transforms Thread 941" [_thread_blocked, id=7000, stack(0x0000007e9f100000,0x0000007e9f200000)]
  0x0000027501c5a000 JavaThread "jar transforms Thread 942" [_thread_blocked, id=6792, stack(0x0000007e9f200000,0x0000007e9f300000)]
  0x0000027501c5a800 JavaThread "jar transforms Thread 943" [_thread_blocked, id=6936, stack(0x0000007e9f300000,0x0000007e9f400000)]
  0x0000027501c58000 JavaThread "jar transforms Thread 944" [_thread_blocked, id=5116, stack(0x0000007e9f400000,0x0000007e9f500000)]
  0x0000027501c5e800 JavaThread "jar transforms Thread 945" [_thread_blocked, id=3056, stack(0x0000007e9f500000,0x0000007e9f600000)]
  0x0000027501c5c000 JavaThread "jar transforms Thread 946" [_thread_blocked, id=5088, stack(0x0000007e9f600000,0x0000007e9f700000)]
  0x0000027501c5f800 JavaThread "jar transforms Thread 947" [_thread_blocked, id=5640, stack(0x0000007e9f700000,0x0000007e9f800000)]
  0x0000027501c5b800 JavaThread "jar transforms Thread 948" [_thread_blocked, id=11920, stack(0x0000007e9f800000,0x0000007e9f900000)]
  0x0000027501c62000 JavaThread "jar transforms Thread 949" [_thread_blocked, id=9540, stack(0x0000007e9f900000,0x0000007e9fa00000)]
  0x0000027501c62800 JavaThread "jar transforms Thread 950" [_thread_blocked, id=10716, stack(0x0000007e9fa00000,0x0000007e9fb00000)]
  0x0000027501c5d000 JavaThread "jar transforms Thread 951" [_thread_blocked, id=11792, stack(0x0000007e9fb00000,0x0000007e9fc00000)]
  0x0000027501c63800 JavaThread "jar transforms Thread 952" [_thread_blocked, id=7048, stack(0x0000007e9fc00000,0x0000007e9fd00000)]
  0x0000027501c64800 JavaThread "jar transforms Thread 953" [_thread_blocked, id=9596, stack(0x0000007e9fd00000,0x0000007e9fe00000)]
  0x0000027501c65000 JavaThread "jar transforms Thread 954" [_thread_blocked, id=2548, stack(0x0000007e9fe00000,0x0000007e9ff00000)]
  0x0000027501c66000 JavaThread "jar transforms Thread 955" [_thread_blocked, id=11580, stack(0x0000007e9ff00000,0x0000007ea0000000)]
  0x0000027501c67000 JavaThread "jar transforms Thread 956" [_thread_blocked, id=7464, stack(0x0000007ea0000000,0x0000007ea0100000)]
  0x000002750aef9800 JavaThread "jar transforms Thread 957" [_thread_blocked, id=3692, stack(0x0000007ea0100000,0x0000007ea0200000)]
  0x000002750aef9000 JavaThread "jar transforms Thread 958" [_thread_blocked, id=7936, stack(0x0000007ea0200000,0x0000007ea0300000)]
  0x000002750aef7000 JavaThread "jar transforms Thread 959" [_thread_blocked, id=8756, stack(0x0000007ea0300000,0x0000007ea0400000)]
  0x000002750aef8000 JavaThread "jar transforms Thread 960" [_thread_blocked, id=11852, stack(0x0000007ea0400000,0x0000007ea0500000)]
  0x000002750aefa800 JavaThread "jar transforms Thread 961" [_thread_blocked, id=9616, stack(0x0000007ea0500000,0x0000007ea0600000)]
  0x000002750aef5800 JavaThread "jar transforms Thread 962" [_thread_blocked, id=2336, stack(0x0000007ea0600000,0x0000007ea0700000)]
  0x000002750aef6800 JavaThread "jar transforms Thread 963" [_thread_blocked, id=5232, stack(0x0000007ea0700000,0x0000007ea0800000)]
  0x000002750aef4800 JavaThread "jar transforms Thread 964" [_thread_blocked, id=11992, stack(0x0000007ea0800000,0x0000007ea0900000)]
  0x000002750af00000 JavaThread "jar transforms Thread 965" [_thread_blocked, id=11856, stack(0x0000007ea0900000,0x0000007ea0a00000)]
  0x000002750af01000 JavaThread "jar transforms Thread 966" [_thread_blocked, id=6600, stack(0x0000007ea0a00000,0x0000007ea0b00000)]
  0x000002750af02800 JavaThread "jar transforms Thread 967" [_thread_blocked, id=3744, stack(0x0000007ea0b00000,0x0000007ea0c00000)]
  0x000002750af02000 JavaThread "jar transforms Thread 968" [_thread_blocked, id=8432, stack(0x0000007ea0c00000,0x0000007ea0d00000)]
  0x000002750aefd000 JavaThread "jar transforms Thread 969" [_thread_blocked, id=1200, stack(0x0000007ea0d00000,0x0000007ea0e00000)]
  0x000002750aefd800 JavaThread "jar transforms Thread 970" [_thread_blocked, id=12372, stack(0x0000007ea0e00000,0x0000007ea0f00000)]
  0x000002750aefe800 JavaThread "jar transforms Thread 971" [_thread_blocked, id=12368, stack(0x0000007ea0f00000,0x0000007ea1000000)]
  0x000002750aeff800 JavaThread "jar transforms Thread 972" [_thread_blocked, id=8072, stack(0x0000007ea1000000,0x0000007ea1100000)]
  0x0000027507e78000 JavaThread "jar transforms Thread 973" [_thread_blocked, id=4896, stack(0x0000007ea1100000,0x0000007ea1200000)]
  0x0000027507e7c000 JavaThread "jar transforms Thread 974" [_thread_blocked, id=10212, stack(0x0000007ea1200000,0x0000007ea1300000)]
  0x0000027507e7b000 JavaThread "jar transforms Thread 975" [_thread_blocked, id=1232, stack(0x0000007ea1300000,0x0000007ea1400000)]
  0x0000027507e78800 JavaThread "jar transforms Thread 976" [_thread_blocked, id=8160, stack(0x0000007ea1400000,0x0000007ea1500000)]
  0x0000027507e79800 JavaThread "jar transforms Thread 977" [_thread_blocked, id=6588, stack(0x0000007ea1500000,0x0000007ea1600000)]
  0x0000027507e76000 JavaThread "jar transforms Thread 978" [_thread_blocked, id=6660, stack(0x0000007ea1600000,0x0000007ea1700000)]
  0x0000027507e7c800 JavaThread "jar transforms Thread 979" [_thread_blocked, id=472, stack(0x0000007ea1700000,0x0000007ea1800000)]
  0x0000027507e7d800 JavaThread "jar transforms Thread 980" [_thread_blocked, id=11140, stack(0x0000007ea1800000,0x0000007ea1900000)]
  0x0000027507e80000 JavaThread "jar transforms Thread 981" [_thread_blocked, id=1268, stack(0x0000007ea1900000,0x0000007ea1a00000)]
  0x0000027507e7a000 JavaThread "jar transforms Thread 982" [_thread_blocked, id=8000, stack(0x0000007ea1a00000,0x0000007ea1b00000)]
  0x0000027507e84000 JavaThread "jar transforms Thread 983" [_thread_blocked, id=8384, stack(0x0000007ea1b00000,0x0000007ea1c00000)]
  0x0000027507e7e800 JavaThread "jar transforms Thread 984" [_thread_blocked, id=4600, stack(0x0000007ea1c00000,0x0000007ea1d00000)]
  0x0000027507e83000 JavaThread "jar transforms Thread 985" [_thread_blocked, id=12224, stack(0x0000007ea1d00000,0x0000007ea1e00000)]
  0x0000027507e85000 JavaThread "jar transforms Thread 986" [_thread_blocked, id=5656, stack(0x0000007ea1e00000,0x0000007ea1f00000)]
  0x0000027507e81000 JavaThread "jar transforms Thread 987" [_thread_blocked, id=1872, stack(0x0000007ea1f00000,0x0000007ea2000000)]
  0x0000027507e81800 JavaThread "jar transforms Thread 988" [_thread_blocked, id=1124, stack(0x0000007ea2000000,0x0000007ea2100000)]
  0x0000027507b47800 JavaThread "jar transforms Thread 989" [_thread_blocked, id=8952, stack(0x0000007ea2100000,0x0000007ea2200000)]
  0x0000027507b4f000 JavaThread "jar transforms Thread 990" [_thread_blocked, id=1928, stack(0x0000007ea2200000,0x0000007ea2300000)]
  0x0000027507b4c000 JavaThread "jar transforms Thread 991" [_thread_blocked, id=1120, stack(0x0000007ea2300000,0x0000007ea2400000)]
  0x0000027507b4e000 JavaThread "jar transforms Thread 992" [_thread_blocked, id=8896, stack(0x0000007ea2400000,0x0000007ea2500000)]
  0x0000027507b4d800 JavaThread "jar transforms Thread 993" [_thread_blocked, id=2832, stack(0x0000007ea2500000,0x0000007ea2600000)]
  0x0000027507b49800 JavaThread "jar transforms Thread 994" [_thread_blocked, id=980, stack(0x0000007ea2600000,0x0000007ea2700000)]
  0x0000027507b50000 JavaThread "jar transforms Thread 995" [_thread_blocked, id=11364, stack(0x0000007ea2700000,0x0000007ea2800000)]
  0x0000027507b4c800 JavaThread "jar transforms Thread 996" [_thread_blocked, id=11628, stack(0x0000007ea2800000,0x0000007ea2900000)]
  0x0000027507b4a000 JavaThread "jar transforms Thread 997" [_thread_blocked, id=244, stack(0x0000007ea2900000,0x0000007ea2a00000)]
  0x0000027507b4b000 JavaThread "jar transforms Thread 998" [_thread_blocked, id=10972, stack(0x0000007ea2a00000,0x0000007ea2b00000)]
  0x0000027507b53000 JavaThread "jar transforms Thread 999" [_thread_blocked, id=2176, stack(0x0000007ea2b00000,0x0000007ea2c00000)]
  0x0000027507b51800 JavaThread "jar transforms Thread 1000" [_thread_blocked, id=7576, stack(0x0000007ea2c00000,0x0000007ea2d00000)]
  0x0000027507b56800 JavaThread "jar transforms Thread 1001" [_thread_blocked, id=2920, stack(0x0000007ea2d00000,0x0000007ea2e00000)]
  0x0000027507b54000 JavaThread "jar transforms Thread 1002" [_thread_blocked, id=9968, stack(0x0000007ea2e00000,0x0000007ea2f00000)]
  0x0000027507b54800 JavaThread "jar transforms Thread 1003" [_thread_blocked, id=12436, stack(0x0000007ea2f00000,0x0000007ea3000000)]
  0x0000027507b55800 JavaThread "jar transforms Thread 1004" [_thread_blocked, id=12408, stack(0x0000007ea3000000,0x0000007ea3100000)]
  0x000002757f702000 JavaThread "jar transforms Thread 1005" [_thread_blocked, id=12440, stack(0x0000007ea3100000,0x0000007ea3200000)]
  0x000002757f709000 JavaThread "jar transforms Thread 1006" [_thread_blocked, id=3280, stack(0x0000007ea3200000,0x0000007ea3300000)]
  0x000002757f703000 JavaThread "jar transforms Thread 1007" [_thread_blocked, id=5208, stack(0x0000007ea3300000,0x0000007ea3400000)]
  0x000002757f70e800 JavaThread "jar transforms Thread 1008" [_thread_blocked, id=1652, stack(0x0000007ea3400000,0x0000007ea3500000)]
  0x000002757f70d800 JavaThread "jar transforms Thread 1009" [_thread_blocked, id=7424, stack(0x0000007ea3500000,0x0000007ea3600000)]
  0x000002757f709800 JavaThread "jar transforms Thread 1010" [_thread_blocked, id=1352, stack(0x0000007ea3600000,0x0000007ea3700000)]
  0x000002757f70f800 JavaThread "jar transforms Thread 1011" [_thread_blocked, id=10508, stack(0x0000007ea3700000,0x0000007ea3800000)]
  0x000002757f710000 JavaThread "jar transforms Thread 1012" [_thread_blocked, id=2528, stack(0x0000007ea3800000,0x0000007ea3900000)]
  0x000002757f711000 JavaThread "jar transforms Thread 1013" [_thread_blocked, id=9568, stack(0x0000007ea3900000,0x0000007ea3a00000)]
  0x000002757f70b000 JavaThread "jar transforms Thread 1014" [_thread_blocked, id=10956, stack(0x0000007ea3a00000,0x0000007ea3b00000)]
  0x000002757f70c000 JavaThread "jar transforms Thread 1015" [_thread_blocked, id=6944, stack(0x0000007ea3b00000,0x0000007ea3c00000)]
  0x000002757f70d000 JavaThread "jar transforms Thread 1016" [_thread_blocked, id=10644, stack(0x0000007ea3c00000,0x0000007ea3d00000)]
  0x0000027500292000 JavaThread "jar transforms Thread 1017" [_thread_blocked, id=10268, stack(0x0000007ea3d00000,0x0000007ea3e00000)]
  0x0000027500293800 JavaThread "jar transforms Thread 1018" [_thread_blocked, id=9052, stack(0x0000007ea3e00000,0x0000007ea3f00000)]
  0x0000027500292800 JavaThread "jar transforms Thread 1019" [_thread_blocked, id=11560, stack(0x0000007ea3f00000,0x0000007ea4000000)]
  0x0000027500290800 JavaThread "jar transforms Thread 1020" [_thread_blocked, id=3896, stack(0x0000007ea4000000,0x0000007ea4100000)]
  0x0000027500296000 JavaThread "jar transforms Thread 1021" [_thread_blocked, id=8656, stack(0x0000007ea4100000,0x0000007ea4200000)]
  0x00000275064cc000 JavaThread "jar transforms Thread 1022" [_thread_blocked, id=8040, stack(0x0000007ea4200000,0x0000007ea4300000)]
  0x00000275064cd800 JavaThread "jar transforms Thread 1023" [_thread_blocked, id=8652, stack(0x0000007ea4300000,0x0000007ea4400000)]
  0x00000275064cd000 JavaThread "jar transforms Thread 1024" [_thread_blocked, id=1900, stack(0x0000007ea4400000,0x0000007ea4500000)]
  0x00000275064d1000 JavaThread "jar transforms Thread 1025" [_thread_blocked, id=10924, stack(0x0000007ea4500000,0x0000007ea4600000)]
  0x00000275064cb000 JavaThread "jar transforms Thread 1026" [_thread_blocked, id=6396, stack(0x0000007ea4600000,0x0000007ea4700000)]
  0x00000275064d3800 JavaThread "jar transforms Thread 1027" [_thread_blocked, id=5804, stack(0x0000007ea4700000,0x0000007ea4800000)]
  0x00000275064cf000 JavaThread "jar transforms Thread 1028" [_thread_blocked, id=5988, stack(0x0000007ea4800000,0x0000007ea4900000)]
  0x00000275064d0000 JavaThread "jar transforms Thread 1029" [_thread_blocked, id=6148, stack(0x0000007ea4900000,0x0000007ea4a00000)]
  0x00000275064d1800 JavaThread "jar transforms Thread 1030" [_thread_blocked, id=11096, stack(0x0000007ea4a00000,0x0000007ea4b00000)]
  0x00000275064d2800 JavaThread "jar transforms Thread 1031" [_thread_blocked, id=6400, stack(0x0000007ea4b00000,0x0000007ea4c00000)]
  0x00000275064d4000 JavaThread "jar transforms Thread 1032" [_thread_blocked, id=1488, stack(0x0000007ea4c00000,0x0000007ea4d00000)]
  0x00000275064ce800 JavaThread "jar transforms Thread 1033" [_thread_blocked, id=11368, stack(0x0000007ea4d00000,0x0000007ea4e00000)]
  0x00000275064da000 JavaThread "jar transforms Thread 1034" [_thread_blocked, id=1132, stack(0x0000007ea4e00000,0x0000007ea4f00000)]
  0x00000275064d6000 JavaThread "Cache worker for Build Output Cleanup Cache (D:\OKare\.gradle\buildOutputCleanup)" [_thread_blocked, id=6208, stack(0x0000007ea4f00000,0x0000007ea5000000)]
  0x00000275064d7800 JavaThread "Cache worker for file content cache (D:\OKare\.gradle\6.5\fileContent)" [_thread_blocked, id=10764, stack(0x0000007ea5000000,0x0000007ea5100000)]
  0x00000275064d8000 JavaThread "Execution worker for ':'" [_thread_blocked, id=10176, stack(0x0000007ea5100000,0x0000007ea5200000)]
  0x00000275064d5000 JavaThread "Execution worker for ':' Thread 2" [_thread_blocked, id=8440, stack(0x0000007ea5200000,0x0000007ea5300000)]
  0x00000275064d6800 JavaThread "Execution worker for ':' Thread 3" [_thread_blocked, id=7060, stack(0x0000007ea5300000,0x0000007ea5400000)]
  0x00000275064d9000 JavaThread "Execution worker for ':' Thread 4" [_thread_blocked, id=7204, stack(0x0000007ea5400000,0x0000007ea5500000)]
  0x0000027503d7d000 JavaThread "Execution worker for ':' Thread 5" [_thread_blocked, id=10256, stack(0x0000007ea5500000,0x0000007ea5600000)]
  0x0000027503d7e000 JavaThread "Execution worker for ':' Thread 6" [_thread_blocked, id=8176, stack(0x0000007ea5700000,0x0000007ea5800000)]
  0x0000027503d78000 JavaThread "Cache worker for execution history cache (D:\OKare\.gradle\6.5\executionHistory)" [_thread_blocked, id=12452, stack(0x0000007ea5800000,0x0000007ea5900000)]
  0x0000027503d7e800 JavaThread "Execution worker for ':' Thread 7" [_thread_blocked, id=12464, stack(0x0000007ea5900000,0x0000007ea5a00000)]

Other Threads:
  0x000002757e7bb000 VMThread "VM Thread" [stack: 0x0000007e9c600000,0x0000007e9c700000] [id=7124]
  0x000002757f240800 WatcherThread [stack: 0x0000007e9d000000,0x0000007e9d100000] [id=1228]
  0x0000027562533000 GCTaskThread "GC Thread#0" [stack: 0x0000007e9c100000,0x0000007e9c200000] [id=3480]
  0x000002757fbd7000 GCTaskThread "GC Thread#1" [stack: 0x0000007e9d200000,0x0000007e9d300000] [id=6576]
  0x000002757fbf9000 GCTaskThread "GC Thread#2" [stack: 0x0000007e9de00000,0x0000007e9df00000] [id=592]
  0x0000027500106800 GCTaskThread "GC Thread#3" [stack: 0x0000007e9df00000,0x0000007e9e000000] [id=11488]
  0x000002757fbfc000 GCTaskThread "GC Thread#4" [stack: 0x0000007e9e000000,0x0000007e9e100000] [id=12140]
  0x000002757fc00800 GCTaskThread "GC Thread#5" [stack: 0x0000007e9e100000,0x0000007e9e200000] [id=6276]
  0x0000027500fab000 GCTaskThread "GC Thread#6" [stack: 0x0000007e9e200000,0x0000007e9e300000] [id=8924]
  0x000002750028d800 GCTaskThread "GC Thread#7" [stack: 0x0000007e9e300000,0x0000007e9e400000] [id=8560]
  0x0000027562563000 ConcurrentGCThread "G1 Main Marker" [stack: 0x0000007e9c200000,0x0000007e9c300000] [id=1736]
=>0x0000027562565000 ConcurrentGCThread "G1 Conc#0" [stack: 0x0000007e9c300000,0x0000007e9c400000] [id=3812]
  0x000002757f379800 ConcurrentGCThread "G1 Conc#1" [stack: 0x0000007e9e700000,0x0000007e9e800000] [id=10292]
  0x000002757e610800 ConcurrentGCThread "G1 Refine#0" [stack: 0x0000007e9c400000,0x0000007e9c500000] [id=10480]
  0x000002757e611000 ConcurrentGCThread "G1 Young RemSet Sampling" [stack: 0x0000007e9c500000,0x0000007e9c600000] [id=4740]

Threads with active compile tasks:

VM state:not at safepoint (normal execution)

VM Mutex/Monitor currently owned by a thread: None

Heap address: 0x0000000080000000, size: 2048 MB, Compressed Oops mode: 32-bit
Narrow klass base: 0x0000000000000000, Narrow klass shift: 3
Compressed class space size: 1073741824 Address: 0x0000000100000000

Heap:
 garbage-first heap   total 284672K, used 98897K [0x0000000080000000, 0x0000000100000000)
  region size 1024K, 6 young (6144K), 1 survivors (1024K)
 Metaspace       used 111391K, capacity 114535K, committed 115024K, reserved 1148928K
  class space    used 13583K, capacity 14707K, committed 14848K, reserved 1048576K
Heap Regions: E=young(eden), S=young(survivor), O=old, HS=humongous(starts), HC=humongous(continues), CS=collection set, F=free, A=archive, TAMS=top-at-mark-start (previous, next)
|   0|0x0000000080000000, 0x0000000080100000, 0x0000000080100000|100%|HS|  |TAMS 0x0000000080100000, 0x0000000080100000| Complete 
|   1|0x0000000080100000, 0x0000000080200000, 0x0000000080200000|100%| O|  |TAMS 0x0000000080200000, 0x0000000080200000| Untracked 
|   2|0x0000000080200000, 0x0000000080300000, 0x0000000080300000|100%| O|  |TAMS 0x0000000080300000, 0x0000000080300000| Untracked 
|   3|0x0000000080300000, 0x0000000080400000, 0x0000000080400000|100%|HS|  |TAMS 0x0000000080400000, 0x0000000080400000| Complete 
|   4|0x0000000080400000, 0x0000000080500000, 0x0000000080500000|100%|HC|  |TAMS 0x0000000080500000, 0x0000000080500000| Complete 
|   5|0x0000000080500000, 0x0000000080600000, 0x0000000080600000|100%|HC|  |TAMS 0x0000000080600000, 0x0000000080600000| Complete 
|   6|0x0000000080600000, 0x0000000080700000, 0x0000000080700000|100%| O|  |TAMS 0x0000000080700000, 0x0000000080700000| Untracked 
|   7|0x0000000080700000, 0x0000000080800000, 0x0000000080800000|100%| O|  |TAMS 0x0000000080800000, 0x0000000080800000| Untracked 
|   8|0x0000000080800000, 0x0000000080900000, 0x0000000080900000|100%| O|  |TAMS 0x0000000080900000, 0x0000000080900000| Untracked 
|   9|0x0000000080900000, 0x0000000080a00000, 0x0000000080a00000|100%| O|  |TAMS 0x0000000080a00000, 0x0000000080a00000| Untracked 
|  10|0x0000000080a00000, 0x0000000080b00000, 0x0000000080b00000|100%| O|  |TAMS 0x0000000080b00000, 0x0000000080b00000| Untracked 
|  11|0x0000000080b00000, 0x0000000080c00000, 0x0000000080c00000|100%| O|  |TAMS 0x0000000080c00000, 0x0000000080c00000| Untracked 
|  12|0x0000000080c00000, 0x0000000080d00000, 0x0000000080d00000|100%| O|  |TAMS 0x0000000080d00000, 0x0000000080d00000| Untracked 
|  13|0x0000000080d00000, 0x0000000080e00000, 0x0000000080e00000|100%| O|  |TAMS 0x0000000080e00000, 0x0000000080e00000| Untracked 
|  14|0x0000000080e00000, 0x0000000080f00000, 0x0000000080f00000|100%| O|  |TAMS 0x0000000080f00000, 0x0000000080f00000| Untracked 
|  15|0x0000000080f00000, 0x0000000081000000, 0x0000000081000000|100%| O|  |TAMS 0x0000000081000000, 0x0000000081000000| Untracked 
|  16|0x0000000081000000, 0x0000000081100000, 0x0000000081100000|100%| O|  |TAMS 0x0000000081100000, 0x0000000081100000| Untracked 
|  17|0x0000000081100000, 0x0000000081200000, 0x0000000081200000|100%|HS|  |TAMS 0x0000000081200000, 0x0000000081200000| Complete 
|  18|0x0000000081200000, 0x0000000081300000, 0x0000000081300000|100%|HC|  |TAMS 0x0000000081300000, 0x0000000081300000| Complete 
|  19|0x0000000081300000, 0x0000000081400000, 0x0000000081400000|100%| O|  |TAMS 0x0000000081400000, 0x0000000081400000| Untracked 
|  20|0x0000000081400000, 0x0000000081500000, 0x0000000081500000|100%| O|  |TAMS 0x0000000081500000, 0x0000000081500000| Untracked 
|  21|0x0000000081500000, 0x0000000081600000, 0x0000000081600000|100%| O|  |TAMS 0x0000000081600000, 0x0000000081600000| Untracked 
|  22|0x0000000081600000, 0x0000000081700000, 0x0000000081700000|100%| O|  |TAMS 0x0000000081700000, 0x0000000081700000| Untracked 
|  23|0x0000000081700000, 0x0000000081800000, 0x0000000081800000|100%| O|  |TAMS 0x0000000081800000, 0x0000000081800000| Untracked 
|  24|0x0000000081800000, 0x0000000081900000, 0x0000000081900000|100%| O|  |TAMS 0x0000000081900000, 0x0000000081900000| Untracked 
|  25|0x0000000081900000, 0x0000000081a00000, 0x0000000081a00000|100%| O|  |TAMS 0x0000000081a00000, 0x0000000081a00000| Untracked 
|  26|0x0000000081a00000, 0x0000000081b00000, 0x0000000081b00000|100%| O|  |TAMS 0x0000000081b00000, 0x0000000081b00000| Untracked 
|  27|0x0000000081b00000, 0x0000000081c00000, 0x0000000081c00000|100%| O|  |TAMS 0x0000000081c00000, 0x0000000081c00000| Untracked 
|  28|0x0000000081c00000, 0x0000000081d00000, 0x0000000081d00000|100%| O|  |TAMS 0x0000000081d00000, 0x0000000081d00000| Untracked 
|  29|0x0000000081d00000, 0x0000000081e00000, 0x0000000081e00000|100%| O|  |TAMS 0x0000000081e00000, 0x0000000081e00000| Untracked 
|  30|0x0000000081e00000, 0x0000000081f00000, 0x0000000081f00000|100%| O|  |TAMS 0x0000000081f00000, 0x0000000081f00000| Untracked 
|  31|0x0000000081f00000, 0x0000000082000000, 0x0000000082000000|100%| O|  |TAMS 0x0000000082000000, 0x0000000082000000| Untracked 
|  32|0x0000000082000000, 0x0000000082100000, 0x0000000082100000|100%| O|  |TAMS 0x0000000082100000, 0x0000000082100000| Untracked 
|  33|0x0000000082100000, 0x0000000082100000, 0x0000000082200000|  0%| F|  |TAMS 0x0000000082100000, 0x0000000082100000| Untracked 
|  34|0x0000000082200000, 0x0000000082300000, 0x0000000082300000|100%| O|  |TAMS 0x0000000082300000, 0x0000000082300000| Untracked 
|  35|0x0000000082300000, 0x0000000082400000, 0x0000000082400000|100%| O|  |TAMS 0x0000000082400000, 0x0000000082400000| Untracked 
|  36|0x0000000082400000, 0x0000000082500000, 0x0000000082500000|100%| O|  |TAMS 0x0000000082500000, 0x0000000082500000| Untracked 
|  37|0x0000000082500000, 0x0000000082600000, 0x0000000082600000|100%| O|  |TAMS 0x0000000082600000, 0x0000000082600000| Untracked 
|  38|0x0000000082600000, 0x0000000082700000, 0x0000000082700000|100%| O|  |TAMS 0x0000000082700000, 0x0000000082700000| Untracked 
|  39|0x0000000082700000, 0x0000000082800000, 0x0000000082800000|100%| O|  |TAMS 0x0000000082800000, 0x0000000082800000| Untracked 
|  40|0x0000000082800000, 0x0000000082800000, 0x0000000082900000|  0%| F|  |TAMS 0x0000000082800000, 0x0000000082800000| Untracked 
|  41|0x0000000082900000, 0x0000000082a00000, 0x0000000082a00000|100%| O|  |TAMS 0x0000000082a00000, 0x0000000082a00000| Untracked 
|  42|0x0000000082a00000, 0x0000000082b00000, 0x0000000082b00000|100%| O|  |TAMS 0x0000000082b00000, 0x0000000082b00000| Untracked 
|  43|0x0000000082b00000, 0x0000000082c00000, 0x0000000082c00000|100%| O|  |TAMS 0x0000000082c00000, 0x0000000082c00000| Untracked 
|  44|0x0000000082c00000, 0x0000000082d00000, 0x0000000082d00000|100%| O|  |TAMS 0x0000000082d00000, 0x0000000082d00000| Untracked 
|  45|0x0000000082d00000, 0x0000000082e00000, 0x0000000082e00000|100%| O|  |TAMS 0x0000000082e00000, 0x0000000082e00000| Untracked 
|  46|0x0000000082e00000, 0x0000000082f00000, 0x0000000082f00000|100%| O|  |TAMS 0x0000000082f00000, 0x0000000082f00000| Untracked 
|  47|0x0000000082f00000, 0x0000000083000000, 0x0000000083000000|100%| O|  |TAMS 0x0000000083000000, 0x0000000083000000| Untracked 
|  48|0x0000000083000000, 0x0000000083100000, 0x0000000083100000|100%| O|  |TAMS 0x0000000083100000, 0x0000000083100000| Untracked 
|  49|0x0000000083100000, 0x0000000083100000, 0x0000000083200000|  0%| F|  |TAMS 0x0000000083100000, 0x0000000083100000| Untracked 
|  50|0x0000000083200000, 0x0000000083300000, 0x0000000083300000|100%| O|  |TAMS 0x0000000083300000, 0x0000000083300000| Untracked 
|  51|0x0000000083300000, 0x0000000083400000, 0x0000000083400000|100%| O|  |TAMS 0x0000000083400000, 0x0000000083400000| Untracked 
|  52|0x0000000083400000, 0x0000000083500000, 0x0000000083500000|100%| O|  |TAMS 0x0000000083500000, 0x0000000083500000| Untracked 
|  53|0x0000000083500000, 0x0000000083600000, 0x0000000083600000|100%| O|  |TAMS 0x0000000083600000, 0x0000000083600000| Untracked 
|  54|0x0000000083600000, 0x0000000083600000, 0x0000000083700000|  0%| F|  |TAMS 0x0000000083600000, 0x0000000083600000| Untracked 
|  55|0x0000000083700000, 0x0000000083700000, 0x0000000083800000|  0%| F|  |TAMS 0x0000000083700000, 0x0000000083700000| Untracked 
|  56|0x0000000083800000, 0x0000000083900000, 0x0000000083900000|100%| O|  |TAMS 0x0000000083900000, 0x0000000083900000| Untracked 
|  57|0x0000000083900000, 0x0000000083900000, 0x0000000083a00000|  0%| F|  |TAMS 0x0000000083900000, 0x0000000083900000| Untracked 
|  58|0x0000000083a00000, 0x0000000083b00000, 0x0000000083b00000|100%| O|  |TAMS 0x0000000083b00000, 0x0000000083b00000| Untracked 
|  59|0x0000000083b00000, 0x0000000083c00000, 0x0000000083c00000|100%| O|  |TAMS 0x0000000083c00000, 0x0000000083c00000| Untracked 
|  60|0x0000000083c00000, 0x0000000083c00000, 0x0000000083d00000|  0%| F|  |TAMS 0x0000000083c00000, 0x0000000083c00000| Untracked 
|  61|0x0000000083d00000, 0x0000000083d00000, 0x0000000083e00000|  0%| F|  |TAMS 0x0000000083d00000, 0x0000000083d00000| Untracked 
|  62|0x0000000083e00000, 0x0000000083f00000, 0x0000000083f00000|100%| O|  |TAMS 0x0000000083f00000, 0x0000000083f00000| Untracked 
|  63|0x0000000083f00000, 0x0000000084000000, 0x0000000084000000|100%| O|  |TAMS 0x0000000084000000, 0x0000000084000000| Untracked 
|  64|0x0000000084000000, 0x0000000084100000, 0x0000000084100000|100%| O|  |TAMS 0x0000000084100000, 0x0000000084100000| Untracked 
|  65|0x0000000084100000, 0x0000000084200000, 0x0000000084200000|100%| O|  |TAMS 0x0000000084200000, 0x0000000084200000| Untracked 
|  66|0x0000000084200000, 0x0000000084300000, 0x0000000084300000|100%| O|  |TAMS 0x0000000084300000, 0x0000000084300000| Untracked 
|  67|0x0000000084300000, 0x0000000084400000, 0x0000000084400000|100%| O|  |TAMS 0x0000000084400000, 0x0000000084400000| Untracked 
|  68|0x0000000084400000, 0x0000000084500000, 0x0000000084500000|100%| O|  |TAMS 0x0000000084500000, 0x0000000084500000| Untracked 
|  69|0x0000000084500000, 0x0000000084600000, 0x0000000084600000|100%| O|  |TAMS 0x0000000084600000, 0x0000000084600000| Untracked 
|  70|0x0000000084600000, 0x0000000084700000, 0x0000000084700000|100%| O|  |TAMS 0x0000000084700000, 0x0000000084700000| Untracked 
|  71|0x0000000084700000, 0x0000000084700000, 0x0000000084800000|  0%| F|  |TAMS 0x0000000084700000, 0x0000000084700000| Untracked 
|  72|0x0000000084800000, 0x0000000084800000, 0x0000000084900000|  0%| F|  |TAMS 0x0000000084800000, 0x0000000084800000| Untracked 
|  73|0x0000000084900000, 0x0000000084900000, 0x0000000084a00000|  0%| F|  |TAMS 0x0000000084900000, 0x0000000084900000| Untracked 
|  74|0x0000000084a00000, 0x0000000084a00000, 0x0000000084b00000|  0%| F|  |TAMS 0x0000000084a00000, 0x0000000084a00000| Untracked 
|  75|0x0000000084b00000, 0x0000000084c00000, 0x0000000084c00000|100%| O|  |TAMS 0x0000000084c00000, 0x0000000084c00000| Untracked 
|  76|0x0000000084c00000, 0x0000000084d00000, 0x0000000084d00000|100%| O|  |TAMS 0x0000000084d00000, 0x0000000084d00000| Untracked 
|  77|0x0000000084d00000, 0x0000000084e00000, 0x0000000084e00000|100%| O|  |TAMS 0x0000000084e00000, 0x0000000084e00000| Untracked 
|  78|0x0000000084e00000, 0x0000000084f00000, 0x0000000084f00000|100%| O|  |TAMS 0x0000000084f00000, 0x0000000084f00000| Untracked 
|  79|0x0000000084f00000, 0x0000000085000000, 0x0000000085000000|100%| O|  |TAMS 0x0000000085000000, 0x0000000085000000| Untracked 
|  80|0x0000000085000000, 0x0000000085100000, 0x0000000085100000|100%| O|  |TAMS 0x0000000085100000, 0x0000000085100000| Untracked 
|  81|0x0000000085100000, 0x0000000085200000, 0x0000000085200000|100%| O|  |TAMS 0x0000000085200000, 0x0000000085200000| Untracked 
|  82|0x0000000085200000, 0x0000000085300000, 0x0000000085300000|100%| O|  |TAMS 0x0000000085300000, 0x0000000085300000| Untracked 
|  83|0x0000000085300000, 0x0000000085400000, 0x0000000085400000|100%| O|  |TAMS 0x0000000085400000, 0x0000000085400000| Untracked 
|  84|0x0000000085400000, 0x0000000085500000, 0x0000000085500000|100%| O|  |TAMS 0x0000000085500000, 0x0000000085500000| Untracked 
|  85|0x0000000085500000, 0x0000000085600000, 0x0000000085600000|100%| O|  |TAMS 0x0000000085600000, 0x0000000085600000| Untracked 
|  86|0x0000000085600000, 0x0000000085600000, 0x0000000085700000|  0%| F|  |TAMS 0x0000000085600000, 0x0000000085600000| Untracked 
|  87|0x0000000085700000, 0x0000000085700000, 0x0000000085800000|  0%| F|  |TAMS 0x0000000085700000, 0x0000000085700000| Untracked 
|  88|0x0000000085800000, 0x0000000085900000, 0x0000000085900000|100%| O|  |TAMS 0x0000000085900000, 0x0000000085900000| Untracked 
|  89|0x0000000085900000, 0x0000000085a00000, 0x0000000085a00000|100%| O|  |TAMS 0x0000000085a00000, 0x0000000085a00000| Untracked 
|  90|0x0000000085a00000, 0x0000000085a00000, 0x0000000085b00000|  0%| F|  |TAMS 0x0000000085a00000, 0x0000000085a00000| Untracked 
|  91|0x0000000085b00000, 0x0000000085b00000, 0x0000000085c00000|  0%| F|  |TAMS 0x0000000085b00000, 0x0000000085b00000| Untracked 
|  92|0x0000000085c00000, 0x0000000085d00000, 0x0000000085d00000|100%| O|  |TAMS 0x0000000085c00000, 0x0000000085d00000| Untracked 
|  93|0x0000000085d00000, 0x0000000085d00000, 0x0000000085e00000|  0%| F|  |TAMS 0x0000000085d00000, 0x0000000085d00000| Untracked 
|  94|0x0000000085e00000, 0x0000000085e00000, 0x0000000085f00000|  0%| F|  |TAMS 0x0000000085e00000, 0x0000000085e00000| Untracked 
|  95|0x0000000085f00000, 0x0000000085f00000, 0x0000000086000000|  0%| F|  |TAMS 0x0000000085f00000, 0x0000000085f00000| Untracked 
|  96|0x0000000086000000, 0x0000000086100000, 0x0000000086100000|100%| O|  |TAMS 0x0000000086100000, 0x0000000086100000| Untracked 
|  97|0x0000000086100000, 0x0000000086200000, 0x0000000086200000|100%| O|  |TAMS 0x0000000086200000, 0x0000000086200000| Untracked 
|  98|0x0000000086200000, 0x0000000086300000, 0x0000000086300000|100%| O|  |TAMS 0x0000000086300000, 0x0000000086300000| Untracked 
|  99|0x0000000086300000, 0x0000000086300000, 0x0000000086400000|  0%| F|  |TAMS 0x0000000086300000, 0x0000000086300000| Untracked 
| 100|0x0000000086400000, 0x0000000086500000, 0x0000000086500000|100%| O|  |TAMS 0x0000000086400000, 0x0000000086500000| Untracked 
| 101|0x0000000086500000, 0x0000000086600000, 0x0000000086600000|100%| O|  |TAMS 0x0000000086600000, 0x0000000086600000| Untracked 
| 102|0x0000000086600000, 0x0000000086700000, 0x0000000086700000|100%| O|  |TAMS 0x0000000086700000, 0x0000000086700000| Untracked 
| 103|0x0000000086700000, 0x0000000086800000, 0x0000000086800000|100%| O|  |TAMS 0x0000000086700000, 0x0000000086800000| Untracked 
| 104|0x0000000086800000, 0x0000000086900000, 0x0000000086900000|100%| O|  |TAMS 0x0000000086900000, 0x0000000086900000| Untracked 
| 105|0x0000000086900000, 0x0000000086a00000, 0x0000000086a00000|100%| O|  |TAMS 0x0000000086a00000, 0x0000000086a00000| Untracked 
| 106|0x0000000086a00000, 0x0000000086b00000, 0x0000000086b00000|100%| O|  |TAMS 0x0000000086b00000, 0x0000000086b00000| Untracked 
| 107|0x0000000086b00000, 0x0000000086c00000, 0x0000000086c00000|100%| O|  |TAMS 0x0000000086c00000, 0x0000000086c00000| Untracked 
| 108|0x0000000086c00000, 0x0000000086d00000, 0x0000000086d00000|100%| O|  |TAMS 0x0000000086c00000, 0x0000000086d00000| Untracked 
| 109|0x0000000086d00000, 0x0000000086d00000, 0x0000000086e00000|  0%| F|  |TAMS 0x0000000086d00000, 0x0000000086d00000| Untracked 
| 110|0x0000000086e00000, 0x0000000086f00000, 0x0000000086f00000|100%| O|  |TAMS 0x0000000086e00000, 0x0000000086f00000| Untracked 
| 111|0x0000000086f00000, 0x0000000087000000, 0x0000000087000000|100%| O|  |TAMS 0x0000000086f00000, 0x0000000087000000| Untracked 
| 112|0x0000000087000000, 0x0000000087000000, 0x0000000087100000|  0%| F|  |TAMS 0x0000000087000000, 0x0000000087000000| Untracked 
| 113|0x0000000087100000, 0x0000000087100000, 0x0000000087200000|  0%| F|  |TAMS 0x0000000087100000, 0x0000000087100000| Untracked 
| 114|0x0000000087200000, 0x0000000087200000, 0x0000000087300000|  0%| F|  |TAMS 0x0000000087200000, 0x0000000087200000| Untracked 
| 115|0x0000000087300000, 0x00000000873da000, 0x0000000087400000| 85%| O|  |TAMS 0x0000000087300000, 0x00000000873da000| Untracked 
| 116|0x0000000087400000, 0x0000000087400000, 0x0000000087500000|  0%| F|  |TAMS 0x0000000087400000, 0x0000000087400000| Untracked 
| 117|0x0000000087500000, 0x0000000087500000, 0x0000000087600000|  0%| F|  |TAMS 0x0000000087500000, 0x0000000087500000| Untracked 
| 118|0x0000000087600000, 0x0000000087600000, 0x0000000087700000|  0%| F|  |TAMS 0x0000000087600000, 0x0000000087600000| Untracked 
| 119|0x0000000087700000, 0x0000000087700000, 0x0000000087800000|  0%| F|  |TAMS 0x0000000087700000, 0x0000000087700000| Untracked 
| 120|0x0000000087800000, 0x0000000087800000, 0x0000000087900000|  0%| F|  |TAMS 0x0000000087800000, 0x0000000087800000| Untracked 
| 121|0x0000000087900000, 0x0000000087900000, 0x0000000087a00000|  0%| F|  |TAMS 0x0000000087900000, 0x0000000087900000| Untracked 
| 122|0x0000000087a00000, 0x0000000087a00000, 0x0000000087b00000|  0%| F|  |TAMS 0x0000000087a00000, 0x0000000087a00000| Untracked 
| 123|0x0000000087b00000, 0x0000000087b00000, 0x0000000087c00000|  0%| F|  |TAMS 0x0000000087b00000, 0x0000000087b00000| Untracked 
| 124|0x0000000087c00000, 0x0000000087c00000, 0x0000000087d00000|  0%| F|  |TAMS 0x0000000087c00000, 0x0000000087c00000| Untracked 
| 125|0x0000000087d00000, 0x0000000087d00000, 0x0000000087e00000|  0%| F|  |TAMS 0x0000000087d00000, 0x0000000087d00000| Untracked 
| 126|0x0000000087e00000, 0x0000000087e00000, 0x0000000087f00000|  0%| F|  |TAMS 0x0000000087e00000, 0x0000000087e00000| Untracked 
| 127|0x0000000087f00000, 0x0000000087f00000, 0x0000000088000000|  0%| F|  |TAMS 0x0000000087f00000, 0x0000000087f00000| Untracked 
| 128|0x0000000088000000, 0x0000000088000000, 0x0000000088100000|  0%| F|  |TAMS 0x0000000088000000, 0x0000000088000000| Untracked 
| 129|0x0000000088100000, 0x0000000088100000, 0x0000000088200000|  0%| F|  |TAMS 0x0000000088100000, 0x0000000088100000| Untracked 
| 130|0x0000000088200000, 0x0000000088200000, 0x0000000088300000|  0%| F|  |TAMS 0x0000000088200000, 0x0000000088200000| Untracked 
| 131|0x0000000088300000, 0x0000000088300000, 0x0000000088400000|  0%| F|  |TAMS 0x0000000088300000, 0x0000000088300000| Untracked 
| 132|0x0000000088400000, 0x0000000088400000, 0x0000000088500000|  0%| F|  |TAMS 0x0000000088400000, 0x0000000088400000| Untracked 
| 133|0x0000000088500000, 0x0000000088600000, 0x0000000088600000|100%| O|  |TAMS 0x0000000088500000, 0x0000000088600000| Untracked 
| 134|0x0000000088600000, 0x0000000088600000, 0x0000000088700000|  0%| F|  |TAMS 0x0000000088600000, 0x0000000088600000| Untracked 
| 135|0x0000000088700000, 0x0000000088700000, 0x0000000088800000|  0%| F|  |TAMS 0x0000000088700000, 0x0000000088700000| Untracked 
| 136|0x0000000088800000, 0x0000000088800000, 0x0000000088900000|  0%| F|  |TAMS 0x0000000088800000, 0x0000000088800000| Untracked 
| 137|0x0000000088900000, 0x0000000088900000, 0x0000000088a00000|  0%| F|  |TAMS 0x0000000088900000, 0x0000000088900000| Untracked 
| 138|0x0000000088a00000, 0x0000000088a00000, 0x0000000088b00000|  0%| F|  |TAMS 0x0000000088a00000, 0x0000000088a00000| Untracked 
| 139|0x0000000088b00000, 0x0000000088b00000, 0x0000000088c00000|  0%| F|  |TAMS 0x0000000088b00000, 0x0000000088b00000| Untracked 
| 140|0x0000000088c00000, 0x0000000088c00000, 0x0000000088d00000|  0%| F|  |TAMS 0x0000000088c00000, 0x0000000088c00000| Untracked 
| 141|0x0000000088d00000, 0x0000000088d00000, 0x0000000088e00000|  0%| F|  |TAMS 0x0000000088d00000, 0x0000000088d00000| Untracked 
| 142|0x0000000088e00000, 0x0000000088e00000, 0x0000000088f00000|  0%| F|  |TAMS 0x0000000088e00000, 0x0000000088e00000| Untracked 
| 143|0x0000000088f00000, 0x0000000088f00000, 0x0000000089000000|  0%| F|  |TAMS 0x0000000088f00000, 0x0000000088f00000| Untracked 
| 144|0x0000000089000000, 0x0000000089000000, 0x0000000089100000|  0%| F|  |TAMS 0x0000000089000000, 0x0000000089000000| Untracked 
| 145|0x0000000089100000, 0x0000000089100000, 0x0000000089200000|  0%| F|  |TAMS 0x0000000089100000, 0x0000000089100000| Untracked 
| 146|0x0000000089200000, 0x0000000089200000, 0x0000000089300000|  0%| F|  |TAMS 0x0000000089200000, 0x0000000089200000| Untracked 
| 147|0x0000000089300000, 0x0000000089300000, 0x0000000089400000|  0%| F|  |TAMS 0x0000000089300000, 0x0000000089300000| Untracked 
| 148|0x0000000089400000, 0x0000000089400000, 0x0000000089500000|  0%| F|  |TAMS 0x0000000089400000, 0x0000000089400000| Untracked 
| 149|0x0000000089500000, 0x0000000089500000, 0x0000000089600000|  0%| F|  |TAMS 0x0000000089500000, 0x0000000089500000| Untracked 
| 150|0x0000000089600000, 0x0000000089600000, 0x0000000089700000|  0%| F|  |TAMS 0x0000000089600000, 0x0000000089600000| Untracked 
| 151|0x0000000089700000, 0x0000000089700000, 0x0000000089800000|  0%| F|  |TAMS 0x0000000089700000, 0x0000000089700000| Untracked 
| 152|0x0000000089800000, 0x0000000089800000, 0x0000000089900000|  0%| F|  |TAMS 0x0000000089800000, 0x0000000089800000| Untracked 
| 153|0x0000000089900000, 0x0000000089900000, 0x0000000089a00000|  0%| F|  |TAMS 0x0000000089900000, 0x0000000089900000| Untracked 
| 154|0x0000000089a00000, 0x0000000089a00000, 0x0000000089b00000|  0%| F|  |TAMS 0x0000000089a00000, 0x0000000089a00000| Untracked 
| 155|0x0000000089b00000, 0x0000000089b00000, 0x0000000089c00000|  0%| F|  |TAMS 0x0000000089b00000, 0x0000000089b00000| Untracked 
| 156|0x0000000089c00000, 0x0000000089c00000, 0x0000000089d00000|  0%| F|  |TAMS 0x0000000089c00000, 0x0000000089c00000| Untracked 
| 157|0x0000000089d00000, 0x0000000089d00000, 0x0000000089e00000|  0%| F|  |TAMS 0x0000000089d00000, 0x0000000089d00000| Untracked 
| 158|0x0000000089e00000, 0x0000000089e00000, 0x0000000089f00000|  0%| F|  |TAMS 0x0000000089e00000, 0x0000000089e00000| Untracked 
| 159|0x0000000089f00000, 0x0000000089f00000, 0x000000008a000000|  0%| F|  |TAMS 0x0000000089f00000, 0x0000000089f00000| Untracked 
| 160|0x000000008a000000, 0x000000008a000000, 0x000000008a100000|  0%| F|  |TAMS 0x000000008a000000, 0x000000008a000000| Untracked 
| 161|0x000000008a100000, 0x000000008a100000, 0x000000008a200000|  0%| F|  |TAMS 0x000000008a100000, 0x000000008a100000| Untracked 
| 162|0x000000008a200000, 0x000000008a200000, 0x000000008a300000|  0%| F|  |TAMS 0x000000008a200000, 0x000000008a200000| Untracked 
| 163|0x000000008a300000, 0x000000008a300000, 0x000000008a400000|  0%| F|  |TAMS 0x000000008a300000, 0x000000008a300000| Untracked 
| 164|0x000000008a400000, 0x000000008a400000, 0x000000008a500000|  0%| F|  |TAMS 0x000000008a400000, 0x000000008a400000| Untracked 
| 165|0x000000008a500000, 0x000000008a500000, 0x000000008a600000|  0%| F|  |TAMS 0x000000008a500000, 0x000000008a500000| Untracked 
| 166|0x000000008a600000, 0x000000008a600000, 0x000000008a700000|  0%| F|  |TAMS 0x000000008a600000, 0x000000008a600000| Untracked 
| 167|0x000000008a700000, 0x000000008a700000, 0x000000008a800000|  0%| F|  |TAMS 0x000000008a700000, 0x000000008a700000| Untracked 
| 168|0x000000008a800000, 0x000000008a800000, 0x000000008a900000|  0%| F|  |TAMS 0x000000008a800000, 0x000000008a800000| Untracked 
| 169|0x000000008a900000, 0x000000008a900000, 0x000000008aa00000|  0%| F|  |TAMS 0x000000008a900000, 0x000000008a900000| Untracked 
| 170|0x000000008aa00000, 0x000000008aa00000, 0x000000008ab00000|  0%| F|  |TAMS 0x000000008aa00000, 0x000000008aa00000| Untracked 
| 171|0x000000008ab00000, 0x000000008ab00000, 0x000000008ac00000|  0%| F|  |TAMS 0x000000008ab00000, 0x000000008ab00000| Untracked 
| 172|0x000000008ac00000, 0x000000008ac00000, 0x000000008ad00000|  0%| F|  |TAMS 0x000000008ac00000, 0x000000008ac00000| Untracked 
| 173|0x000000008ad00000, 0x000000008ad00000, 0x000000008ae00000|  0%| F|  |TAMS 0x000000008ad00000, 0x000000008ad00000| Untracked 
| 174|0x000000008ae00000, 0x000000008ae00000, 0x000000008af00000|  0%| F|  |TAMS 0x000000008ae00000, 0x000000008ae00000| Untracked 
| 175|0x000000008af00000, 0x000000008af00000, 0x000000008b000000|  0%| F|  |TAMS 0x000000008af00000, 0x000000008af00000| Untracked 
| 176|0x000000008b000000, 0x000000008b000000, 0x000000008b100000|  0%| F|  |TAMS 0x000000008b000000, 0x000000008b000000| Untracked 
| 177|0x000000008b100000, 0x000000008b100000, 0x000000008b200000|  0%| F|  |TAMS 0x000000008b100000, 0x000000008b100000| Untracked 
| 178|0x000000008b200000, 0x000000008b200000, 0x000000008b300000|  0%| F|  |TAMS 0x000000008b200000, 0x000000008b200000| Untracked 
| 179|0x000000008b300000, 0x000000008b300000, 0x000000008b400000|  0%| F|  |TAMS 0x000000008b300000, 0x000000008b300000| Untracked 
| 180|0x000000008b400000, 0x000000008b400000, 0x000000008b500000|  0%| F|  |TAMS 0x000000008b400000, 0x000000008b400000| Untracked 
| 181|0x000000008b500000, 0x000000008b500000, 0x000000008b600000|  0%| F|  |TAMS 0x000000008b500000, 0x000000008b500000| Untracked 
| 182|0x000000008b600000, 0x000000008b600000, 0x000000008b700000|  0%| F|  |TAMS 0x000000008b600000, 0x000000008b600000| Untracked 
| 183|0x000000008b700000, 0x000000008b700000, 0x000000008b800000|  0%| F|  |TAMS 0x000000008b700000, 0x000000008b700000| Untracked 
| 184|0x000000008b800000, 0x000000008b800000, 0x000000008b900000|  0%| F|  |TAMS 0x000000008b800000, 0x000000008b800000| Untracked 
| 185|0x000000008b900000, 0x000000008b900000, 0x000000008ba00000|  0%| F|  |TAMS 0x000000008b900000, 0x000000008b900000| Untracked 
| 186|0x000000008ba00000, 0x000000008ba00000, 0x000000008bb00000|  0%| F|  |TAMS 0x000000008ba00000, 0x000000008ba00000| Untracked 
| 187|0x000000008bb00000, 0x000000008bb00000, 0x000000008bc00000|  0%| F|  |TAMS 0x000000008bb00000, 0x000000008bb00000| Untracked 
| 188|0x000000008bc00000, 0x000000008bc00000, 0x000000008bd00000|  0%| F|  |TAMS 0x000000008bc00000, 0x000000008bc00000| Untracked 
| 189|0x000000008bd00000, 0x000000008bd00000, 0x000000008be00000|  0%| F|  |TAMS 0x000000008bd00000, 0x000000008bd00000| Untracked 
| 190|0x000000008be00000, 0x000000008be00000, 0x000000008bf00000|  0%| F|  |TAMS 0x000000008be00000, 0x000000008be00000| Untracked 
| 191|0x000000008bf00000, 0x000000008bf00000, 0x000000008c000000|  0%| F|  |TAMS 0x000000008bf00000, 0x000000008bf00000| Untracked 
| 192|0x000000008c000000, 0x000000008c000000, 0x000000008c100000|  0%| F|  |TAMS 0x000000008c000000, 0x000000008c000000| Untracked 
| 193|0x000000008c100000, 0x000000008c100000, 0x000000008c200000|  0%| F|  |TAMS 0x000000008c100000, 0x000000008c100000| Untracked 
| 194|0x000000008c200000, 0x000000008c200000, 0x000000008c300000|  0%| F|  |TAMS 0x000000008c200000, 0x000000008c200000| Untracked 
| 195|0x000000008c300000, 0x000000008c300000, 0x000000008c400000|  0%| F|  |TAMS 0x000000008c300000, 0x000000008c300000| Untracked 
| 196|0x000000008c400000, 0x000000008c400000, 0x000000008c500000|  0%| F|  |TAMS 0x000000008c400000, 0x000000008c400000| Untracked 
| 197|0x000000008c500000, 0x000000008c500000, 0x000000008c600000|  0%| F|  |TAMS 0x000000008c500000, 0x000000008c500000| Untracked 
| 198|0x000000008c600000, 0x000000008c600000, 0x000000008c700000|  0%| F|  |TAMS 0x000000008c600000, 0x000000008c600000| Untracked 
| 199|0x000000008c700000, 0x000000008c700000, 0x000000008c800000|  0%| F|  |TAMS 0x000000008c700000, 0x000000008c700000| Untracked 
| 200|0x000000008c800000, 0x000000008c800000, 0x000000008c900000|  0%| F|  |TAMS 0x000000008c800000, 0x000000008c800000| Untracked 
| 201|0x000000008c900000, 0x000000008c900000, 0x000000008ca00000|  0%| F|  |TAMS 0x000000008c900000, 0x000000008c900000| Untracked 
| 202|0x000000008ca00000, 0x000000008ca00000, 0x000000008cb00000|  0%| F|  |TAMS 0x000000008ca00000, 0x000000008ca00000| Untracked 
| 203|0x000000008cb00000, 0x000000008cb00000, 0x000000008cc00000|  0%| F|  |TAMS 0x000000008cb00000, 0x000000008cb00000| Untracked 
| 204|0x000000008cc00000, 0x000000008cc00000, 0x000000008cd00000|  0%| F|  |TAMS 0x000000008cc00000, 0x000000008cc00000| Untracked 
| 205|0x000000008cd00000, 0x000000008cd00000, 0x000000008ce00000|  0%| F|  |TAMS 0x000000008cd00000, 0x000000008cd00000| Untracked 
| 206|0x000000008ce00000, 0x000000008ce00000, 0x000000008cf00000|  0%| F|  |TAMS 0x000000008ce00000, 0x000000008ce00000| Untracked 
| 207|0x000000008cf00000, 0x000000008cf00000, 0x000000008d000000|  0%| F|  |TAMS 0x000000008cf00000, 0x000000008cf00000| Untracked 
| 208|0x000000008d000000, 0x000000008d000000, 0x000000008d100000|  0%| F|  |TAMS 0x000000008d000000, 0x000000008d000000| Untracked 
| 209|0x000000008d100000, 0x000000008d100000, 0x000000008d200000|  0%| F|  |TAMS 0x000000008d100000, 0x000000008d100000| Untracked 
| 210|0x000000008d200000, 0x000000008d200000, 0x000000008d300000|  0%| F|  |TAMS 0x000000008d200000, 0x000000008d200000| Untracked 
| 211|0x000000008d300000, 0x000000008d300000, 0x000000008d400000|  0%| F|  |TAMS 0x000000008d300000, 0x000000008d300000| Untracked 
| 212|0x000000008d400000, 0x000000008d400000, 0x000000008d500000|  0%| F|  |TAMS 0x000000008d400000, 0x000000008d400000| Untracked 
| 213|0x000000008d500000, 0x000000008d500000, 0x000000008d600000|  0%| F|  |TAMS 0x000000008d500000, 0x000000008d500000| Untracked 
| 214|0x000000008d600000, 0x000000008d600000, 0x000000008d700000|  0%| F|  |TAMS 0x000000008d600000, 0x000000008d600000| Untracked 
| 215|0x000000008d700000, 0x000000008d700000, 0x000000008d800000|  0%| F|  |TAMS 0x000000008d700000, 0x000000008d700000| Untracked 
| 216|0x000000008d800000, 0x000000008d800000, 0x000000008d900000|  0%| F|  |TAMS 0x000000008d800000, 0x000000008d800000| Untracked 
| 217|0x000000008d900000, 0x000000008d900000, 0x000000008da00000|  0%| F|  |TAMS 0x000000008d900000, 0x000000008d900000| Untracked 
| 218|0x000000008da00000, 0x000000008da00000, 0x000000008db00000|  0%| F|  |TAMS 0x000000008da00000, 0x000000008da00000| Untracked 
| 219|0x000000008db00000, 0x000000008db00000, 0x000000008dc00000|  0%| F|  |TAMS 0x000000008db00000, 0x000000008db00000| Untracked 
| 220|0x000000008dc00000, 0x000000008dc00000, 0x000000008dd00000|  0%| F|  |TAMS 0x000000008dc00000, 0x000000008dc00000| Untracked 
| 221|0x000000008dd00000, 0x000000008dd00000, 0x000000008de00000|  0%| F|  |TAMS 0x000000008dd00000, 0x000000008dd00000| Untracked 
| 222|0x000000008de00000, 0x000000008de00000, 0x000000008df00000|  0%| F|  |TAMS 0x000000008de00000, 0x000000008de00000| Untracked 
| 223|0x000000008df00000, 0x000000008df00000, 0x000000008e000000|  0%| F|  |TAMS 0x000000008df00000, 0x000000008df00000| Untracked 
| 224|0x000000008e000000, 0x000000008e000000, 0x000000008e100000|  0%| F|  |TAMS 0x000000008e000000, 0x000000008e000000| Untracked 
| 225|0x000000008e100000, 0x000000008e100000, 0x000000008e200000|  0%| F|  |TAMS 0x000000008e100000, 0x000000008e100000| Untracked 
| 226|0x000000008e200000, 0x000000008e200000, 0x000000008e300000|  0%| F|  |TAMS 0x000000008e200000, 0x000000008e200000| Untracked 
| 227|0x000000008e300000, 0x000000008e300000, 0x000000008e400000|  0%| F|  |TAMS 0x000000008e300000, 0x000000008e300000| Untracked 
| 228|0x000000008e400000, 0x000000008e400000, 0x000000008e500000|  0%| F|  |TAMS 0x000000008e400000, 0x000000008e400000| Untracked 
| 229|0x000000008e500000, 0x000000008e500000, 0x000000008e600000|  0%| F|  |TAMS 0x000000008e500000, 0x000000008e500000| Untracked 
| 230|0x000000008e600000, 0x000000008e600000, 0x000000008e700000|  0%| F|  |TAMS 0x000000008e600000, 0x000000008e600000| Untracked 
| 231|0x000000008e700000, 0x000000008e700000, 0x000000008e800000|  0%| F|  |TAMS 0x000000008e700000, 0x000000008e700000| Untracked 
| 232|0x000000008e800000, 0x000000008e800000, 0x000000008e900000|  0%| F|  |TAMS 0x000000008e800000, 0x000000008e800000| Untracked 
| 233|0x000000008e900000, 0x000000008e900000, 0x000000008ea00000|  0%| F|  |TAMS 0x000000008e900000, 0x000000008e900000| Untracked 
| 234|0x000000008ea00000, 0x000000008ea00000, 0x000000008eb00000|  0%| F|  |TAMS 0x000000008ea00000, 0x000000008ea00000| Untracked 
| 235|0x000000008eb00000, 0x000000008eb00000, 0x000000008ec00000|  0%| F|  |TAMS 0x000000008eb00000, 0x000000008eb00000| Untracked 
| 236|0x000000008ec00000, 0x000000008ec00000, 0x000000008ed00000|  0%| F|  |TAMS 0x000000008ec00000, 0x000000008ec00000| Untracked 
| 237|0x000000008ed00000, 0x000000008ed00000, 0x000000008ee00000|  0%| F|  |TAMS 0x000000008ed00000, 0x000000008ed00000| Untracked 
| 238|0x000000008ee00000, 0x000000008ee00000, 0x000000008ef00000|  0%| F|  |TAMS 0x000000008ee00000, 0x000000008ee00000| Untracked 
| 239|0x000000008ef00000, 0x000000008ef00000, 0x000000008f000000|  0%| F|  |TAMS 0x000000008ef00000, 0x000000008ef00000| Untracked 
| 240|0x000000008f000000, 0x000000008f000000, 0x000000008f100000|  0%| F|  |TAMS 0x000000008f000000, 0x000000008f000000| Untracked 
| 241|0x000000008f100000, 0x000000008f100000, 0x000000008f200000|  0%| F|  |TAMS 0x000000008f100000, 0x000000008f100000| Untracked 
| 242|0x000000008f200000, 0x000000008f200000, 0x000000008f300000|  0%| F|  |TAMS 0x000000008f200000, 0x000000008f200000| Untracked 
| 243|0x000000008f300000, 0x000000008f300000, 0x000000008f400000|  0%| F|  |TAMS 0x000000008f300000, 0x000000008f300000| Untracked 
| 244|0x000000008f400000, 0x000000008f400000, 0x000000008f500000|  0%| F|  |TAMS 0x000000008f400000, 0x000000008f400000| Untracked 
| 245|0x000000008f500000, 0x000000008f500000, 0x000000008f600000|  0%| F|  |TAMS 0x000000008f500000, 0x000000008f500000| Untracked 
| 246|0x000000008f600000, 0x000000008f600000, 0x000000008f700000|  0%| F|  |TAMS 0x000000008f600000, 0x000000008f600000| Untracked 
| 247|0x000000008f700000, 0x000000008f700000, 0x000000008f800000|  0%| F|  |TAMS 0x000000008f700000, 0x000000008f700000| Untracked 
| 248|0x000000008f800000, 0x000000008f800000, 0x000000008f900000|  0%| F|  |TAMS 0x000000008f800000, 0x000000008f800000| Untracked 
| 249|0x000000008f900000, 0x000000008f900000, 0x000000008fa00000|  0%| F|  |TAMS 0x000000008f900000, 0x000000008f900000| Untracked 
| 250|0x000000008fa00000, 0x000000008fa00000, 0x000000008fb00000|  0%| F|  |TAMS 0x000000008fa00000, 0x000000008fa00000| Untracked 
| 251|0x000000008fb00000, 0x000000008fb00000, 0x000000008fc00000|  0%| F|  |TAMS 0x000000008fb00000, 0x000000008fb00000| Untracked 
| 252|0x000000008fc00000, 0x000000008fc00000, 0x000000008fd00000|  0%| F|  |TAMS 0x000000008fc00000, 0x000000008fc00000| Untracked 
| 253|0x000000008fd00000, 0x000000008fd00000, 0x000000008fe00000|  0%| F|  |TAMS 0x000000008fd00000, 0x000000008fd00000| Untracked 
| 254|0x000000008fe00000, 0x000000008fe00000, 0x000000008ff00000|  0%| F|  |TAMS 0x000000008fe00000, 0x000000008fe00000| Untracked 
| 255|0x000000008ff00000, 0x000000008ff00000, 0x0000000090000000|  0%| F|  |TAMS 0x000000008ff00000, 0x000000008ff00000| Untracked 
| 256|0x0000000090000000, 0x0000000090000000, 0x0000000090100000|  0%| F|  |TAMS 0x0000000090000000, 0x0000000090000000| Untracked 
| 257|0x0000000090100000, 0x0000000090100000, 0x0000000090200000|  0%| F|  |TAMS 0x0000000090100000, 0x0000000090100000| Untracked 
| 258|0x0000000090200000, 0x0000000090200000, 0x0000000090300000|  0%| F|  |TAMS 0x0000000090200000, 0x0000000090200000| Untracked 
| 259|0x0000000090300000, 0x0000000090300000, 0x0000000090400000|  0%| F|  |TAMS 0x0000000090300000, 0x0000000090300000| Untracked 
| 260|0x0000000090400000, 0x0000000090400000, 0x0000000090500000|  0%| F|  |TAMS 0x0000000090400000, 0x0000000090400000| Untracked 
| 261|0x0000000090500000, 0x0000000090500000, 0x0000000090600000|  0%| F|  |TAMS 0x0000000090500000, 0x0000000090500000| Untracked 
| 262|0x0000000090600000, 0x0000000090600000, 0x0000000090700000|  0%| F|  |TAMS 0x0000000090600000, 0x0000000090600000| Untracked 
| 263|0x0000000090700000, 0x0000000090700000, 0x0000000090800000|  0%| F|  |TAMS 0x0000000090700000, 0x0000000090700000| Untracked 
| 264|0x0000000090800000, 0x00000000908ba620, 0x0000000090900000| 72%| S|CS|TAMS 0x0000000090800000, 0x0000000090800000| Complete 
| 265|0x0000000090900000, 0x0000000090900000, 0x0000000090a00000|  0%| F|  |TAMS 0x0000000090900000, 0x0000000090900000| Untracked 
| 266|0x0000000090a00000, 0x0000000090a00000, 0x0000000090b00000|  0%| F|  |TAMS 0x0000000090a00000, 0x0000000090a00000| Untracked 
| 267|0x0000000090b00000, 0x0000000090b00000, 0x0000000090c00000|  0%| F|  |TAMS 0x0000000090b00000, 0x0000000090b00000| Untracked 
| 268|0x0000000090c00000, 0x0000000090c00000, 0x0000000090d00000|  0%| F|  |TAMS 0x0000000090c00000, 0x0000000090c00000| Untracked 
| 269|0x0000000090d00000, 0x0000000090d00000, 0x0000000090e00000|  0%| F|  |TAMS 0x0000000090d00000, 0x0000000090d00000| Untracked 
| 270|0x0000000090e00000, 0x0000000090e00000, 0x0000000090f00000|  0%| F|  |TAMS 0x0000000090e00000, 0x0000000090e00000| Untracked 
| 271|0x0000000090f00000, 0x0000000090f00000, 0x0000000091000000|  0%| F|  |TAMS 0x0000000090f00000, 0x0000000090f00000| Untracked 
| 272|0x0000000091000000, 0x0000000091000000, 0x0000000091100000|  0%| F|  |TAMS 0x0000000091000000, 0x0000000091000000| Untracked 
| 273|0x0000000091100000, 0x00000000911266d8, 0x0000000091200000| 15%| E|  |TAMS 0x0000000091100000, 0x0000000091100000| Complete 
| 274|0x0000000091200000, 0x0000000091300000, 0x0000000091300000|100%| E|CS|TAMS 0x0000000091200000, 0x0000000091200000| Complete 
| 275|0x0000000091300000, 0x0000000091400000, 0x0000000091400000|100%| E|  |TAMS 0x0000000091300000, 0x0000000091300000| Complete 
| 276|0x0000000091400000, 0x0000000091500000, 0x0000000091500000|100%| E|CS|TAMS 0x0000000091400000, 0x0000000091400000| Complete 
| 277|0x0000000091500000, 0x0000000091600000, 0x0000000091600000|100%| E|CS|TAMS 0x0000000091500000, 0x0000000091500000| Complete 

Card table byte_map: [0x00000275774e0000,0x00000275778e0000] _byte_map_base: 0x00000275770e0000

Marking Bits (Prev, Next): (CMBitMap*) 0x000002756255a020, (CMBitMap*) 0x0000027562559fe8
 Prev Bits: [0x0000027579ce0000, 0x000002757bce0000)
 Next Bits: [0x0000027577ce0000, 0x0000027579ce0000)

Polling page: 0x0000027562600000

Metaspace:

Usage:
  Non-class:     97.49 MB capacity,    95.52 MB ( 98%) used,     1.62 MB (  2%) free+waste,   365.81 KB ( <1%) overhead. 
      Class:     14.36 MB capacity,    13.26 MB ( 92%) used,   967.08 KB (  7%) free+waste,   156.88 KB (  1%) overhead. 
       Both:    111.85 MB capacity,   108.78 MB ( 97%) used,     2.56 MB (  2%) free+waste,   522.69 KB ( <1%) overhead. 

Virtual space:
  Non-class space:       98.00 MB reserved,      97.83 MB (>99%) committed 
      Class space:        1.00 GB reserved,      14.50 MB (  1%) committed 
             Both:        1.10 GB reserved,     112.33 MB ( 10%) committed 

Chunk freelists:
   Non-Class:  220.00 KB
       Class:  116.00 KB
        Both:  336.00 KB

MaxMetaspaceSize: 17179869184.00 GB
CompressedClassSpaceSize: 1.00 GB

CodeHeap 'non-profiled nmethods': size=120000Kb used=19614Kb max_used=19614Kb free=100385Kb
 bounds [0x000002756f140000, 0x0000027570480000, 0x0000027576670000]
CodeHeap 'profiled nmethods': size=120000Kb used=39328Kb max_used=40457Kb free=80671Kb
 bounds [0x0000027567c10000, 0x000002756a3e0000, 0x000002756f140000]
CodeHeap 'non-nmethods': size=5760Kb used=2315Kb max_used=2384Kb free=3445Kb
 bounds [0x0000027567670000, 0x00000275678e0000, 0x0000027567c10000]
 total_blobs=20229 nmethods=19307 adapters=830
 compilation: enabled
              stopped_count=0, restarted_count=0
 full_count=0

Compilation events (20 events):
Event: 2684.757 Thread 0x000002757f0c1000 25186   !   3       java.util.concurrent.ConcurrentHashMap::replaceNode (437 bytes)
Event: 2684.785 Thread 0x000002757f0c1000 nmethod 25186 0x00000275693e0910 code [0x00000275693e0cc0, 0x00000275693e2d78]
Event: 2686.560 Thread 0x000002757f0c1000 25187       3       com.google.common.base.CaseFormat::convert (147 bytes)
Event: 2686.595 Thread 0x000002757f0c1000 nmethod 25187 0x0000027568ad8b10 code [0x0000027568ad8e80, 0x0000027568ada128]
Event: 2686.608 Thread 0x000002757f0c1000 25188   !   3       jdk.internal.reflect.GeneratedMethodAccessor30::invoke (68 bytes)
Event: 2686.609 Thread 0x000002757f0c1000 nmethod 25188 0x00000275689b5290 code [0x00000275689b54e0, 0x00000275689b5c98]
Event: 2687.860 Thread 0x000002757e7ee000 25189   !   4       java.util.concurrent.ConcurrentHashMap::replaceNode (437 bytes)
Event: 2687.903 Thread 0x000002757e7ee000 nmethod 25189 0x00000275701b1890 code [0x00000275701b1a60, 0x00000275701b26f8]
Event: 2687.990 Thread 0x000002757f0c1000 25190       3       org.gradle.internal.snapshot.impl.IntegerValueSnapshot::equals (6 bytes)
Event: 2687.990 Thread 0x000002757f0c1000 nmethod 25190 0x0000027568132190 code [0x0000027568132340, 0x0000027568132468]
Event: 2688.017 Thread 0x000002757f0c1000 25191       1       org.gradle.api.internal.project.DefaultProject::isScript (2 bytes)
Event: 2688.017 Thread 0x000002757f0c1000 nmethod 25191 0x000002756fe3fb10 code [0x000002756fe3fcc0, 0x000002756fe3fd78]
Event: 2688.456 Thread 0x000002757f0c1000 25192       1       org.gradle.api.internal.provider.Collectors$SingleElement::calculatePresence (2 bytes)
Event: 2688.499 Thread 0x000002757f0c1000 nmethod 25192 0x000002756fe3f790 code [0x000002756fe3f940, 0x000002756fe3f9f8]
Event: 2688.592 Thread 0x000002757f0c1000 25193       1       org.gradle.configuration.internal.DefaultUserCodeApplicationContext::access$000 (5 bytes)
Event: 2688.592 Thread 0x000002757f0c1000 nmethod 25193 0x000002756ffa0d10 code [0x000002756ffa0ec0, 0x000002756ffa0f58]
Event: 2688.593 Thread 0x000002757e7ee000 25194       4       org.gradle.api.internal.artifacts.ivyservice.dependencysubstitution.DefaultDependencySubstitutions::substitute (10 bytes)
Event: 2688.595 Thread 0x000002757e7ee000 nmethod 25194 0x000002757000b990 code [0x000002757000bb40, 0x000002757000bcd8]
Event: 2688.597 Thread 0x000002757f0c1000 25195       3       org.gradle.api.internal.artifacts.repositories.metadata.AbstractMetadataSource::<init> (5 bytes)
Event: 2688.597 Thread 0x000002757f0c1000 nmethod 25195 0x00000275685c2590 code [0x00000275685c2740, 0x00000275685c2898]

GC Heap History (20 events):
Event: 2306.537 GC heap before
{Heap before GC invocations=169 (full 0):
 garbage-first heap   total 284672K, used 164641K [0x0000000080000000, 0x0000000100000000)
  region size 1024K, 62 young (63488K), 2 survivors (2048K)
 Metaspace       used 111085K, capacity 114202K, committed 114768K, reserved 1148928K
  class space    used 13582K, capacity 14707K, committed 14848K, reserved 1048576K
}
Event: 2306.547 GC heap after
{Heap after GC invocations=170 (full 0):
 garbage-first heap   total 284672K, used 105583K [0x0000000080000000, 0x0000000100000000)
  region size 1024K, 3 young (3072K), 3 survivors (3072K)
 Metaspace       used 111085K, capacity 114202K, committed 114768K, reserved 1148928K
  class space    used 13582K, capacity 14707K, committed 14848K, reserved 1048576K
}
Event: 2307.901 GC heap before
{Heap before GC invocations=171 (full 0):
 garbage-first heap   total 284672K, used 176239K [0x0000000080000000, 0x0000000100000000)
  region size 1024K, 72 young (73728K), 3 survivors (3072K)
 Metaspace       used 111101K, capacity 114203K, committed 114768K, reserved 1148928K
  class space    used 13582K, capacity 14707K, committed 14848K, reserved 1048576K
}
Event: 2307.918 GC heap after
{Heap after GC invocations=172 (full 0):
 garbage-first heap   total 284672K, used 119451K [0x0000000080000000, 0x0000000100000000)
  region size 1024K, 9 young (9216K), 9 survivors (9216K)
 Metaspace       used 111101K, capacity 114203K, committed 114768K, reserved 1148928K
  class space    used 13582K, capacity 14707K, committed 14848K, reserved 1048576K
}
Event: 2307.945 GC heap before
{Heap before GC invocations=172 (full 0):
 garbage-first heap   total 284672K, used 123547K [0x0000000080000000, 0x0000000100000000)
  region size 1024K, 13 young (13312K), 9 survivors (9216K)
 Metaspace       used 111101K, capacity 114203K, committed 114768K, reserved 1148928K
  class space    used 13582K, capacity 14707K, committed 14848K, reserved 1048576K
}
Event: 2307.970 GC heap after
{Heap after GC invocations=173 (full 0):
 garbage-first heap   total 284672K, used 105976K [0x0000000080000000, 0x0000000100000000)
  region size 1024K, 2 young (2048K), 2 survivors (2048K)
 Metaspace       used 111101K, capacity 114203K, committed 114768K, reserved 1148928K
  class space    used 13582K, capacity 14707K, committed 14848K, reserved 1048576K
}
Event: 2308.793 GC heap before
{Heap before GC invocations=173 (full 0):
 garbage-first heap   total 284672K, used 184824K [0x0000000080000000, 0x0000000100000000)
  region size 1024K, 79 young (80896K), 2 survivors (2048K)
 Metaspace       used 111111K, capacity 114206K, committed 114768K, reserved 1148928K
  class space    used 13582K, capacity 14707K, committed 14848K, reserved 1048576K
}
Event: 2308.805 GC heap after
{Heap after GC invocations=174 (full 0):
 garbage-first heap   total 284672K, used 110089K [0x0000000080000000, 0x0000000100000000)
  region size 1024K, 6 young (6144K), 6 survivors (6144K)
 Metaspace       used 111111K, capacity 114206K, committed 114768K, reserved 1148928K
  class space    used 13582K, capacity 14707K, committed 14848K, reserved 1048576K
}
Event: 2309.485 GC heap before
{Heap before GC invocations=175 (full 0):
 garbage-first heap   total 284672K, used 192009K [0x0000000080000000, 0x0000000100000000)
  region size 1024K, 87 young (89088K), 6 survivors (6144K)
 Metaspace       used 111116K, capacity 114206K, committed 114768K, reserved 1148928K
  class space    used 13582K, capacity 14707K, committed 14848K, reserved 1048576K
}
Event: 2309.502 GC heap after
{Heap after GC invocations=176 (full 0):
 garbage-first heap   total 284672K, used 112928K [0x0000000080000000, 0x0000000100000000)
  region size 1024K, 8 young (8192K), 8 survivors (8192K)
 Metaspace       used 111116K, capacity 114206K, committed 114768K, reserved 1148928K
  class space    used 13582K, capacity 14707K, committed 14848K, reserved 1048576K
}
Event: 2309.530 GC heap before
{Heap before GC invocations=176 (full 0):
 garbage-first heap   total 284672K, used 117024K [0x0000000080000000, 0x0000000100000000)
  region size 1024K, 13 young (13312K), 8 survivors (8192K)
 Metaspace       used 111118K, capacity 114206K, committed 114768K, reserved 1148928K
  class space    used 13582K, capacity 14707K, committed 14848K, reserved 1048576K
}
Event: 2309.541 GC heap after
{Heap after GC invocations=177 (full 0):
 garbage-first heap   total 284672K, used 112988K [0x0000000080000000, 0x0000000100000000)
  region size 1024K, 2 young (2048K), 2 survivors (2048K)
 Metaspace       used 111118K, capacity 114206K, committed 114768K, reserved 1148928K
  class space    used 13582K, capacity 14707K, committed 14848K, reserved 1048576K
}
Event: 2310.011 GC heap before
{Heap before GC invocations=177 (full 0):
 garbage-first heap   total 284672K, used 185692K [0x0000000080000000, 0x0000000100000000)
  region size 1024K, 75 young (76800K), 2 survivors (2048K)
 Metaspace       used 111301K, capacity 114405K, committed 114768K, reserved 1148928K
  class space    used 13582K, capacity 14707K, committed 14848K, reserved 1048576K
}
Event: 2310.025 GC heap after
{Heap after GC invocations=178 (full 0):
 garbage-first heap   total 284672K, used 123063K [0x0000000080000000, 0x0000000100000000)
  region size 1024K, 11 young (11264K), 11 survivors (11264K)
 Metaspace       used 111301K, capacity 114405K, committed 114768K, reserved 1148928K
  class space    used 13582K, capacity 14707K, committed 14848K, reserved 1048576K
}
Event: 2685.120 GC heap before
{Heap before GC invocations=179 (full 0):
 garbage-first heap   total 284672K, used 230400K [0x0000000080000000, 0x0000000100000000)
  region size 1024K, 93 young (95232K), 11 survivors (11264K)
 Metaspace       used 111388K, capacity 114535K, committed 115024K, reserved 1148928K
  class space    used 13583K, capacity 14707K, committed 14848K, reserved 1048576K
}
Event: 2686.437 GC heap after
{Heap after GC invocations=180 (full 0):
 garbage-first heap   total 284672K, used 117617K [0x0000000080000000, 0x0000000100000000)
  region size 1024K, 6 young (6144K), 6 survivors (6144K)
 Metaspace       used 111388K, capacity 114535K, committed 115024K, reserved 1148928K
  class space    used 13583K, capacity 14707K, committed 14848K, reserved 1048576K
}
Event: 2686.796 GC heap before
{Heap before GC invocations=180 (full 0):
 garbage-first heap   total 284672K, used 123761K [0x0000000080000000, 0x0000000100000000)
  region size 1024K, 13 young (13312K), 6 survivors (6144K)
 Metaspace       used 111390K, capacity 114535K, committed 115024K, reserved 1148928K
  class space    used 13583K, capacity 14707K, committed 14848K, reserved 1048576K
}
Event: 2687.857 GC heap after
{Heap after GC invocations=181 (full 0):
 garbage-first heap   total 284672K, used 96104K [0x0000000080000000, 0x0000000100000000)
  region size 1024K, 1 young (1024K), 1 survivors (1024K)
 Metaspace       used 111390K, capacity 114535K, committed 115024K, reserved 1148928K
  class space    used 13583K, capacity 14707K, committed 14848K, reserved 1048576K
}
Event: 2688.133 GC heap before
{Heap before GC invocations=181 (full 0):
 garbage-first heap   total 284672K, used 107368K [0x0000000080000000, 0x0000000100000000)
  region size 1024K, 13 young (13312K), 1 survivors (1024K)
 Metaspace       used 111390K, capacity 114535K, committed 115024K, reserved 1148928K
  class space    used 13583K, capacity 14707K, committed 14848K, reserved 1048576K
}
Event: 2688.280 GC heap after
{Heap after GC invocations=182 (full 0):
 garbage-first heap   total 284672K, used 95825K [0x0000000080000000, 0x0000000100000000)
  region size 1024K, 1 young (1024K), 1 survivors (1024K)
 Metaspace       used 111390K, capacity 114535K, committed 115024K, reserved 1148928K
  class space    used 13583K, capacity 14707K, committed 14848K, reserved 1048576K
}

Deoptimization events (20 events):
Event: 2309.969 Thread 0x0000027507e7c800 DEOPT PACKING pc=0x000002756a3b3be1 sp=0x0000007ea68fed30
Event: 2309.969 Thread 0x0000027507e7c800 DEOPT UNPACKING pc=0x000002756769724e sp=0x0000007ea68fe220 mode 0
Event: 2309.973 Thread 0x0000027507e7c800 DEOPT PACKING pc=0x000002756a3b3be1 sp=0x0000007ea68fed30
Event: 2309.973 Thread 0x0000027507e7c800 DEOPT UNPACKING pc=0x000002756769724e sp=0x0000007ea68fe220 mode 0
Event: 2309.974 Thread 0x0000027507e7c800 DEOPT PACKING pc=0x000002756a3b3be1 sp=0x0000007ea68fed30
Event: 2309.974 Thread 0x0000027507e7c800 DEOPT UNPACKING pc=0x000002756769724e sp=0x0000007ea68fe220 mode 0
Event: 2310.010 Thread 0x0000027507e7c800 DEOPT PACKING pc=0x000002756a23084c sp=0x0000007ea68feba0
Event: 2310.010 Thread 0x0000027507e7c800 DEOPT UNPACKING pc=0x000002756769724e sp=0x0000007ea68fe5d8 mode 0
Event: 2310.135 Thread 0x0000027507e7c800 DEOPT PACKING pc=0x0000027569049372 sp=0x0000007ea68fedc0
Event: 2310.135 Thread 0x0000027507e7c800 DEOPT UNPACKING pc=0x000002756769724e sp=0x0000007ea68fe290 mode 0
Event: 2310.136 Thread 0x0000027507e7c800 DEOPT PACKING pc=0x0000027569049372 sp=0x0000007ea68fedc0
Event: 2310.136 Thread 0x0000027507e7c800 DEOPT UNPACKING pc=0x000002756769724e sp=0x0000007ea68fe290 mode 0
Event: 2310.470 Thread 0x0000027507e78800 Uncommon trap: trap_request=0xffffffde fr.pc=0x000002757023f67c relative=0x000000000000085c
Event: 2310.470 Thread 0x0000027507e78800 Uncommon trap: reason=class_check action=maybe_recompile pc=0x000002757023f67c method=com.google.common.collect.ImmutableMap.copyOf(Ljava/lang/Iterable;)Lcom/google/common/collect/ImmutableMap; @ 53 c2
Event: 2310.470 Thread 0x0000027507e78800 DEOPT PACKING pc=0x000002757023f67c sp=0x0000007e9f9fe560
Event: 2310.470 Thread 0x0000027507e78800 DEOPT UNPACKING pc=0x000002756769742f sp=0x0000007e9f9fe530 mode 2
Event: 2684.741 Thread 0x000002750671d000 Uncommon trap: trap_request=0xffffff4d fr.pc=0x0000027570322558 relative=0x0000000000000998
Event: 2684.741 Thread 0x000002750671d000 Uncommon trap: reason=unstable_if action=reinterpret pc=0x0000027570322558 method=java.util.concurrent.ConcurrentHashMap.replaceNode(Ljava/lang/Object;Ljava/lang/Object;Ljava/lang/Object;)Ljava/lang/Object; @ 62 c2
Event: 2684.741 Thread 0x000002750671d000 DEOPT PACKING pc=0x0000027570322558 sp=0x0000007e9edfe0d0
Event: 2684.774 Thread 0x000002750671d000 DEOPT UNPACKING pc=0x000002756769742f sp=0x0000007e9edfe058 mode 2

Classes redefined (0 events):
No events

Internal exceptions (20 events):
Event: 2309.149 Thread 0x0000027507b54000 Exception <a 'sun/nio/fs/WindowsException'{0x000000008fba06d8}> (0x000000008fba06d8) thrown at [./src/hotspot/share/prims/jni.cpp, line 615]
Event: 2309.150 Thread 0x0000027507b54000 Exception <a 'sun/nio/fs/WindowsException'{0x000000008fba53b0}> (0x000000008fba53b0) thrown at [./src/hotspot/share/prims/jni.cpp, line 615]
Event: 2309.151 Thread 0x0000027507b54000 Exception <a 'sun/nio/fs/WindowsException'{0x000000008fbad4c0}> (0x000000008fbad4c0) thrown at [./src/hotspot/share/prims/jni.cpp, line 615]
Event: 2309.405 Thread 0x0000027501d02800 Exception <a 'sun/nio/fs/WindowsException'{0x000000008e2faa60}> (0x000000008e2faa60) thrown at [./src/hotspot/share/prims/jni.cpp, line 615]
Event: 2309.406 Thread 0x0000027501d02800 Exception <a 'sun/nio/fs/WindowsException'{0x000000008e2fbbb0}> (0x000000008e2fbbb0) thrown at [./src/hotspot/share/prims/jni.cpp, line 615]
Event: 2309.561 Thread 0x0000027507e78000 Exception <a 'sun/nio/fs/WindowsException'{0x000000009093af50}> (0x000000009093af50) thrown at [./src/hotspot/share/prims/jni.cpp, line 615]
Event: 2309.670 Thread 0x0000027507e78000 Exception <a 'sun/nio/fs/WindowsException'{0x00000000904fdcc0}> (0x00000000904fdcc0) thrown at [./src/hotspot/share/prims/jni.cpp, line 615]
Event: 2309.675 Thread 0x0000027507e78000 Exception <a 'sun/nio/fs/WindowsException'{0x0000000090384810}> (0x0000000090384810) thrown at [./src/hotspot/share/prims/jni.cpp, line 615]
Event: 2309.677 Thread 0x0000027507e78000 Exception <a 'sun/nio/fs/WindowsException'{0x000000009038af10}> (0x000000009038af10) thrown at [./src/hotspot/share/prims/jni.cpp, line 615]
Event: 2309.678 Thread 0x0000027507e78000 Exception <a 'sun/nio/fs/WindowsException'{0x0000000090391610}> (0x0000000090391610) thrown at [./src/hotspot/share/prims/jni.cpp, line 615]
Event: 2309.680 Thread 0x0000027507e78000 Exception <a 'sun/nio/fs/WindowsException'{0x00000000903dd250}> (0x00000000903dd250) thrown at [./src/hotspot/share/prims/jni.cpp, line 615]
Event: 2309.681 Thread 0x0000027507e78000 Exception <a 'sun/nio/fs/WindowsException'{0x00000000903e4748}> (0x00000000903e4748) thrown at [./src/hotspot/share/prims/jni.cpp, line 615]
Event: 2309.683 Thread 0x0000027507e78000 Exception <a 'sun/nio/fs/WindowsException'{0x00000000903eae48}> (0x00000000903eae48) thrown at [./src/hotspot/share/prims/jni.cpp, line 615]
Event: 2309.684 Thread 0x0000027507e78000 Exception <a 'sun/nio/fs/WindowsException'{0x0000000090184810}> (0x0000000090184810) thrown at [./src/hotspot/share/prims/jni.cpp, line 615]
Event: 2309.685 Thread 0x0000027507e78000 Exception <a 'sun/nio/fs/WindowsException'{0x000000009018af10}> (0x000000009018af10) thrown at [./src/hotspot/share/prims/jni.cpp, line 615]
Event: 2309.685 Thread 0x0000027507e78000 Exception <a 'sun/nio/fs/WindowsException'{0x0000000090191610}> (0x0000000090191610) thrown at [./src/hotspot/share/prims/jni.cpp, line 615]
Event: 2309.686 Thread 0x0000027507e78000 Exception <a 'sun/nio/fs/WindowsException'{0x00000000902c1540}> (0x00000000902c1540) thrown at [./src/hotspot/share/prims/jni.cpp, line 615]
Event: 2309.783 Thread 0x0000027507e7a000 Exception <a 'sun/nio/fs/WindowsException'{0x000000008f0ff728}> (0x000000008f0ff728) thrown at [./src/hotspot/share/prims/jni.cpp, line 615]
Event: 2310.214 Thread 0x0000027507e7c800 Exception <a 'sun/nio/fs/WindowsException'{0x00000000914e0408}> (0x00000000914e0408) thrown at [./src/hotspot/share/prims/jni.cpp, line 615]
Event: 2682.040 Thread 0x0000027506718000 Exception <a 'sun/nio/fs/WindowsException'{0x000000008e2300b0}> (0x000000008e2300b0) thrown at [./src/hotspot/share/prims/jni.cpp, line 615]

Events (20 events):
Event: 2686.786 Executing VM operation: G1CollectForAllocation
Event: 2687.857 Executing VM operation: G1CollectForAllocation done
Event: 2688.129 Executing VM operation: G1CollectForAllocation
Event: 2688.281 Executing VM operation: G1CollectForAllocation done
Event: 2688.449 Executing VM operation: RevokeBias
Event: 2688.457 Executing VM operation: RevokeBias done
Event: 2688.457 Executing VM operation: RevokeBias
Event: 2688.457 Executing VM operation: RevokeBias done
Event: 2688.457 Executing VM operation: RevokeBias
Event: 2688.469 Executing VM operation: RevokeBias done
Event: 2688.469 Executing VM operation: RevokeBias
Event: 2688.499 Executing VM operation: RevokeBias done
Event: 2688.499 Executing VM operation: RevokeBias
Event: 2688.499 Executing VM operation: RevokeBias done
Event: 2688.500 Executing VM operation: RevokeBias
Event: 2688.500 Executing VM operation: RevokeBias done
Event: 2688.575 Executing VM operation: RevokeBias
Event: 2688.591 Executing VM operation: RevokeBias done
Event: 2688.592 Executing VM operation: RevokeBias
Event: 2688.592 Executing VM operation: RevokeBias done


Dynamic libraries:
0x00007ff699b30000 - 0x00007ff699b3a000 	C:\Program Files\Android\Android Studio\jre\bin\java.exe
0x00007fff60710000 - 0x00007fff60905000 	C:\WINDOWS\SYSTEM32\ntdll.dll
0x00007fff5f660000 - 0x00007fff5f71e000 	C:\WINDOWS\System32\KERNEL32.DLL
0x00007fff5d570000 - 0x00007fff5d839000 	C:\WINDOWS\System32\KERNELBASE.dll
0x00007fff5dc30000 - 0x00007fff5dd30000 	C:\WINDOWS\System32\ucrtbase.dll
0x00007fff36ed0000 - 0x00007fff36ee7000 	C:\Program Files\Android\Android Studio\jre\bin\VCRUNTIME140.dll
0x00007fff31d80000 - 0x00007fff31d99000 	C:\Program Files\Android\Android Studio\jre\bin\jli.dll
0x00007fff5e390000 - 0x00007fff5e531000 	C:\WINDOWS\System32\USER32.dll
0x00007fff4b870000 - 0x00007fff4bb0a000 	C:\WINDOWS\WinSxS\amd64_microsoft.windows.common-controls_6595b64144ccf1df_6.0.19041.1110_none_60b5254171f9507e\COMCTL32.dll
0x00007fff5dd70000 - 0x00007fff5dd92000 	C:\WINDOWS\System32\win32u.dll
0x00007fff5fa50000 - 0x00007fff5faee000 	C:\WINDOWS\System32\msvcrt.dll
0x00007fff5f370000 - 0x00007fff5f39b000 	C:\WINDOWS\System32\GDI32.dll
0x00007fff5d460000 - 0x00007fff5d56b000 	C:\WINDOWS\System32\gdi32full.dll
0x00007fff5dae0000 - 0x00007fff5db7d000 	C:\WINDOWS\System32\msvcp_win.dll
0x00007fff5fa20000 - 0x00007fff5fa50000 	C:\WINDOWS\System32\IMM32.DLL
0x00007ffef77c0000 - 0x00007ffef785d000 	C:\Program Files\Android\Android Studio\jre\bin\msvcp140.dll
0x00007fff05900000 - 0x00007fff063bc000 	C:\Program Files\Android\Android Studio\jre\bin\server\jvm.dll
0x00007fff5e1b0000 - 0x00007fff5e25c000 	C:\WINDOWS\System32\ADVAPI32.dll
0x00007fff5e260000 - 0x00007fff5e2fb000 	C:\WINDOWS\System32\sechost.dll
0x00007fff5ed60000 - 0x00007fff5ee8a000 	C:\WINDOWS\System32\RPCRT4.dll
0x00007fff5f650000 - 0x00007fff5f658000 	C:\WINDOWS\System32\PSAPI.DLL
0x00007fff4fdb0000 - 0x00007fff4fdb9000 	C:\WINDOWS\SYSTEM32\WSOCK32.dll
0x00007fff41270000 - 0x00007fff41297000 	C:\WINDOWS\SYSTEM32\WINMM.dll
0x00007fff51170000 - 0x00007fff5117a000 	C:\WINDOWS\SYSTEM32\VERSION.dll
0x00007fff5ddd0000 - 0x00007fff5de3b000 	C:\WINDOWS\System32\WS2_32.dll
0x00007fff5b390000 - 0x00007fff5b3a2000 	C:\WINDOWS\SYSTEM32\kernel.appcore.dll
0x00007fff4fb40000 - 0x00007fff4fb51000 	C:\Program Files\Android\Android Studio\jre\bin\verify.dll
0x00007fff57fb0000 - 0x00007fff58194000 	C:\WINDOWS\SYSTEM32\DBGHELP.DLL
0x00007fff57d80000 - 0x00007fff57dac000 	C:\WINDOWS\SYSTEM32\dbgcore.DLL
0x00007fff5d9a0000 - 0x00007fff5da23000 	C:\WINDOWS\System32\bcryptPrimitives.dll
0x00007fff452c0000 - 0x00007fff452e9000 	C:\Program Files\Android\Android Studio\jre\bin\java.dll
0x00007fff58ed0000 - 0x00007fff58edb000 	C:\Program Files\Android\Android Studio\jre\bin\jimage.dll
0x00007fff452a0000 - 0x00007fff452b8000 	C:\Program Files\Android\Android Studio\jre\bin\zip.dll
0x00007fff5e620000 - 0x00007fff5ed5f000 	C:\WINDOWS\System32\SHELL32.dll
0x00007fff5b590000 - 0x00007fff5bd20000 	C:\WINDOWS\SYSTEM32\windows.storage.dll
0x00007fff5fb80000 - 0x00007fff5fed5000 	C:\WINDOWS\System32\combase.dll
0x00007fff5cde0000 - 0x00007fff5ce0c000 	C:\WINDOWS\SYSTEM32\Wldp.dll
0x00007fff5e030000 - 0x00007fff5e0de000 	C:\WINDOWS\System32\SHCORE.dll
0x00007fff5f310000 - 0x00007fff5f365000 	C:\WINDOWS\System32\shlwapi.dll
0x00007fff5d3a0000 - 0x00007fff5d3bf000 	C:\WINDOWS\SYSTEM32\profapi.dll
0x00007fff45280000 - 0x00007fff4529a000 	C:\Program Files\Android\Android Studio\jre\bin\net.dll
0x00007fff558c0000 - 0x00007fff559c8000 	C:\WINDOWS\SYSTEM32\WINHTTP.dll
0x00007fff5cb40000 - 0x00007fff5cbaa000 	C:\WINDOWS\system32\mswsock.dll
0x00007fff45260000 - 0x00007fff45274000 	C:\Program Files\Android\Android Studio\jre\bin\nio.dll
0x00007fff58800000 - 0x00007fff58827000 	C:\Users\User\.gradle\native\f6784746aeab05261644944871eae4fe03e0ef1612fff0a4a95f87b438bc6780\windows-amd64\native-platform.dll
0x00007fff575d0000 - 0x00007fff575da000 	C:\Program Files\Android\Android Studio\jre\bin\management.dll
0x00007fff4fb30000 - 0x00007fff4fb3c000 	C:\Program Files\Android\Android Studio\jre\bin\management_ext.dll
0x00007fff5cd40000 - 0x00007fff5cd58000 	C:\WINDOWS\SYSTEM32\CRYPTSP.dll
0x00007fff5c4d0000 - 0x00007fff5c504000 	C:\WINDOWS\system32\rsaenh.dll
0x00007fff5dda0000 - 0x00007fff5ddc7000 	C:\WINDOWS\System32\bcrypt.dll
0x00007fff5d360000 - 0x00007fff5d38e000 	C:\WINDOWS\SYSTEM32\USERENV.dll
0x00007fff5cd30000 - 0x00007fff5cd3c000 	C:\WINDOWS\SYSTEM32\CRYPTBASE.dll
0x00007fff5c840000 - 0x00007fff5c87b000 	C:\WINDOWS\SYSTEM32\IPHLPAPI.DLL
0x00007fff5fee0000 - 0x00007fff5fee8000 	C:\WINDOWS\System32\NSI.dll
0x00007fff57600000 - 0x00007fff57617000 	C:\WINDOWS\SYSTEM32\dhcpcsvc6.DLL
0x00007fff57e40000 - 0x00007fff57e5d000 	C:\WINDOWS\SYSTEM32\dhcpcsvc.DLL
0x00007fff5c880000 - 0x00007fff5c94c000 	C:\WINDOWS\SYSTEM32\DNSAPI.dll
0x00007fff582f0000 - 0x00007fff582fb000 	C:\WINDOWS\SYSTEM32\WINNSI.DLL
0x00007fff5c160000 - 0x00007fff5c193000 	C:\WINDOWS\SYSTEM32\ntmarta.dll
0x00007fff45230000 - 0x00007fff45257000 	C:\Program Files\Android\Android Studio\jre\bin\sunec.dll

dbghelp: loaded successfully - version: 4.0.5 - missing functions: none
symbol engine: initialized successfully - sym options: 0x614 - pdb path: .;C:\Program Files\Android\Android Studio\jre\bin;C:\WINDOWS\SYSTEM32;C:\WINDOWS\WinSxS\amd64_microsoft.windows.common-controls_6595b64144ccf1df_6.0.19041.1110_none_60b5254171f9507e;C:\Program Files\Android\Android Studio\jre\bin\server;C:\Users\User\.gradle\native\f6784746aeab05261644944871eae4fe03e0ef1612fff0a4a95f87b438bc6780\windows-amd64

VM Arguments:
jvm_args: --add-opens=java.base/java.util=ALL-UNNAMED --add-opens=java.base/java.lang=ALL-UNNAMED --add-opens=java.base/java.lang.invoke=ALL-UNNAMED --add-opens=java.prefs/java.util.prefs=ALL-UNNAMED -Xmx2048m -Dfile.encoding=UTF-8 -Duser.country=TW -Duser.language=zh -Duser.variant 
java_command: org.gradle.launcher.daemon.bootstrap.GradleDaemon 6.5
java_class_path (initial): C:\Users\User\.gradle\wrapper\dists\gradle-6.5-bin\6nifqtx7604sqp1q6g8wikw7p\gradle-6.5\lib\gradle-launcher-6.5.jar
Launcher Type: SUN_STANDARD

[Global flags]
     intx CICompilerCount                          = 4                                         {product} {ergonomic}
     uint ConcGCThreads                            = 2                                         {product} {ergonomic}
     uint G1ConcRefinementThreads                  = 8                                         {product} {ergonomic}
   size_t G1HeapRegionSize                         = 1048576                                   {product} {ergonomic}
    uintx GCDrainStackTargetSize                   = 64                                        {product} {ergonomic}
   size_t InitialHeapSize                          = 130023424                                 {product} {ergonomic}
   size_t MarkStackSize                            = 4194304                                   {product} {ergonomic}
   size_t MaxHeapSize                              = 2147483648                                {product} {command line}
   size_t MaxNewSize                               = 1287651328                                {product} {ergonomic}
   size_t MinHeapDeltaBytes                        = 1048576                                   {product} {ergonomic}
    uintx NonNMethodCodeHeapSize                   = 5836300                                {pd product} {ergonomic}
    uintx NonProfiledCodeHeapSize                  = 122910970                              {pd product} {ergonomic}
    uintx ProfiledCodeHeapSize                     = 122910970                              {pd product} {ergonomic}
    uintx ReservedCodeCacheSize                    = 251658240                              {pd product} {ergonomic}
     bool SegmentedCodeCache                       = true                                      {product} {ergonomic}
     bool UseCompressedClassPointers               = true                                 {lp64_product} {ergonomic}
     bool UseCompressedOops                        = true                                 {lp64_product} {ergonomic}
     bool UseG1GC                                  = true                                      {product} {ergonomic}
     bool UseLargePagesIndividualAllocation        = false                                  {pd product} {ergonomic}

Logging:
Log output configuration:
 #0: stdout all=warning uptime,level,tags
 #1: stderr all=off uptime,level,tags

Environment Variables:
PATH=C:\Program Files (x86)\Common Files\Oracle\Java\javapath;C:\Program Files (x86)\Intel\iCLS Client\;C:\Program Files\Intel\iCLS Client\;C:\WINDOWS\system32;C:\WINDOWS;C:\WINDOWS\System32\Wbem;C:\WINDOWS\System32\WindowsPowerShell\v1.0\;C:\Program Files\Intel\Intel(R) Management Engine Components\DAL;C:\Program Files\Intel\Intel(R) Management Engine Components\IPT;C:\Program Files (x86)\Intel\Intel(R) Management Engine Components\DAL;C:\Program Files (x86)\Intel\Intel(R) Management Engine Components\IPT;C:\Program Files (x86)\Intel\OpenCL SDK\2.0\bin\x86;C:\Program Files (x86)\Intel\OpenCL SDK\2.0\bin\x64;C:\Program Files\Microsoft SQL Server\130\Tools\Binn\;C:\Program Files\dotnet\;C:\Program Files\Microsoft SQL Server\Client SDK\ODBC\170\Tools\Binn\;C:\WINDOWS\System32\OpenSSH\;C:\Program Files\Git\cmd;;C:\Users\User\AppData\Local\Programs\Microsoft VS Code\bin;C:\Users\User\.dotnet\tools;C:\Users\User\AppData\Local\Microsoft\WindowsApps
USERNAME=User
OS=Windows_NT
PROCESSOR_IDENTIFIER=Intel64 Family 6 Model 42 Stepping 7, GenuineIntel



---------------  S Y S T E M  ---------------

OS: Windows 10 , 64 bit Build 19041 (10.0.19041.1202)
OS uptime: 0 days 2:26 hours

CPU:total 8 (initial active 8) (4 cores per cpu, 2 threads per core) family 6 model 42 stepping 7, cmov, cx8, fxsr, mmx, sse, sse2, sse3, ssse3, sse4.1, sse4.2, popcnt, avx, aes, clmul, ht, tsc, tscinvbit

Memory: 4k page, system-wide physical 7894M (300M free)
TotalPageFile size 16864M (AvailPageFile size 2219M)
current process WorkingSet (physical memory assigned to process): 305M, peak: 564M
current process commit charge ("private bytes"): 655M, peak: 680M

vm_info: OpenJDK 64-Bit Server VM (11.0.8+10-b944.6842174) for windows-amd64 JRE (11.0.8+10-b944.6842174), built on Sep 19 2020 01:11:42 by "builder" with MS VC++ 14.0 (VS2015)

END.
